-------------------------------------------------------------------------------
Test set: com.origamisoftware.teach.advanced.services.DatabaseStockServiceTest
-------------------------------------------------------------------------------
Tests run: 8, Failures: 0, Errors: 8, Skipped: 0, Time elapsed: 3.002 sec <<< FAILURE!
testGetQuote(com.origamisoftware.teach.advanced.services.DatabaseStockServiceTest)  Time elapsed: 0.473 sec  <<< ERROR!
com.origamisoftware.teach.advanced.util.DatabaseInitializationException: SQL init script contained errors:Error executing: DROP TABLE IF IT EXISTS person CASCADE 
java.sql.SQLSyntaxErrorException: You have an error in your SQL syntax; check the manual that corresponds to your MySQL server version for the right syntax to use near 'IT EXISTS person CASCADE' at line 1
Error executing: DROP TABLE IF IT EXISTS portfolio CASCADE 
java.sql.SQLSyntaxErrorException: You have an error in your SQL syntax; check the manual that corresponds to your MySQL server version for the right syntax to use near 'IT EXISTS portfolio CASCADE' at line 1
Error executing: CREATE TABLE portfolio ( 	id INT NOT NULL AUTO_INCREMENT, 	person_id INT NOT NULL, 	quotes_id INT NOT NULL, 	FOREIGN KEY ( person_id ) REFERENCES person ( id ) 	FOREIGN KEY ( quotes_id ) REFERENCES quotes ( id ) 	PRIMARY KEY ( id ) ) 
java.sql.SQLSyntaxErrorException: You have an error in your SQL syntax; check the manual that corresponds to your MySQL server version for the right syntax to use near 'FOREIGN KEY ( quotes_id ) REFERENCES quotes ( id ) 	PRIMARY KEY ( id ) )' at line 1
Error executing: INSERT INTO quotes (symbol,time,price) VALUES ('GOOG','2004-08-19 00:00:01','85.00') 
java.sql.SQLSyntaxErrorException: Table 'stocks.quotes' doesn't exist
Error executing: INSERT INTO quotes (symbol,time,price) VALUES ('GOOG','2015-02-03 00:00:01','527.35') 
java.sql.SQLSyntaxErrorException: Table 'stocks.quotes' doesn't exist
Error executing: INSERT INTO quotes (symbol,time,price) VALUES ('APPL','2000-01-01 00:00:01','118.27') 
java.sql.SQLSyntaxErrorException: Table 'stocks.quotes' doesn't exist
Error executing: INSERT INTO quotes (symbol,time,price) VALUES ('AMZN','2015-02-03 00:00:01','363.21') 
java.sql.SQLSyntaxErrorException: Table 'stocks.quotes' doesn't exist

	at com.origamisoftware.teach.advanced.util.DatabaseUtils.initializeDatabase(DatabaseUtils.java:105)
	at com.origamisoftware.teach.advanced.services.DatabaseServiceTest.setUp(DatabaseServiceTest.java:18)
	at com.origamisoftware.teach.advanced.services.DatabaseStockServiceTest.setUp(DatabaseStockServiceTest.java:31)
	at sun.reflect.NativeMethodAccessorImpl.invoke0(Native Method)
	at sun.reflect.NativeMethodAccessorImpl.invoke(NativeMethodAccessorImpl.java:62)
	at sun.reflect.DelegatingMethodAccessorImpl.invoke(DelegatingMethodAccessorImpl.java:43)
	at java.lang.reflect.Method.invoke(Method.java:498)
	at org.junit.runners.model.FrameworkMethod$1.runReflectiveCall(FrameworkMethod.java:45)
	at org.junit.internal.runners.model.ReflectiveCallable.run(ReflectiveCallable.java:15)
	at org.junit.runners.model.FrameworkMethod.invokeExplosively(FrameworkMethod.java:42)
	at org.junit.internal.runners.statements.RunBefores.evaluate(RunBefores.java:27)
	at org.junit.internal.runners.statements.RunAfters.evaluate(RunAfters.java:30)
	at org.junit.runners.ParentRunner.runLeaf(ParentRunner.java:263)
	at org.junit.runners.BlockJUnit4ClassRunner.runChild(BlockJUnit4ClassRunner.java:68)
	at org.junit.runners.BlockJUnit4ClassRunner.runChild(BlockJUnit4ClassRunner.java:47)
	at org.junit.runners.ParentRunner$3.run(ParentRunner.java:231)
	at org.junit.runners.ParentRunner$1.schedule(ParentRunner.java:60)
	at org.junit.runners.ParentRunner.runChildren(ParentRunner.java:229)
	at org.junit.runners.ParentRunner.access$000(ParentRunner.java:50)
	at org.junit.runners.ParentRunner$2.evaluate(ParentRunner.java:222)
	at org.junit.runners.ParentRunner.run(ParentRunner.java:300)
	at org.apache.maven.surefire.junit4.JUnit4Provider.execute(JUnit4Provider.java:252)
	at org.apache.maven.surefire.junit4.JUnit4Provider.executeTestSet(JUnit4Provider.java:141)
	at org.apache.maven.surefire.junit4.JUnit4Provider.invoke(JUnit4Provider.java:112)
	at sun.reflect.NativeMethodAccessorImpl.invoke0(Native Method)
	at sun.reflect.NativeMethodAccessorImpl.invoke(NativeMethodAccessorImpl.java:62)
	at sun.reflect.DelegatingMethodAccessorImpl.invoke(DelegatingMethodAccessorImpl.java:43)
	at java.lang.reflect.Method.invoke(Method.java:498)
	at org.apache.maven.surefire.util.ReflectionUtils.invokeMethodWithArray(ReflectionUtils.java:189)
	at org.apache.maven.surefire.booter.ProviderFactory$ProviderProxy.invoke(ProviderFactory.java:165)
	at org.apache.maven.surefire.booter.ProviderFactory.invokeProvider(ProviderFactory.java:85)
	at org.apache.maven.surefire.booter.ForkedBooter.runSuitesInProcess(ForkedBooter.java:115)
	at org.apache.maven.surefire.booter.ForkedBooter.main(ForkedBooter.java:75)

testGetQuote(com.origamisoftware.teach.advanced.services.DatabaseStockServiceTest)  Time elapsed: 0.475 sec  <<< ERROR!
com.origamisoftware.teach.advanced.util.DatabaseInitializationException: SQL init script contained errors:Error executing: DROP TABLE IF IT EXISTS person CASCADE 
java.sql.SQLSyntaxErrorException: You have an error in your SQL syntax; check the manual that corresponds to your MySQL server version for the right syntax to use near 'IT EXISTS person CASCADE' at line 1
Error executing: DROP TABLE IF IT EXISTS portfolio CASCADE 
java.sql.SQLSyntaxErrorException: You have an error in your SQL syntax; check the manual that corresponds to your MySQL server version for the right syntax to use near 'IT EXISTS portfolio CASCADE' at line 1
Error executing: CREATE TABLE portfolio ( 	id INT NOT NULL AUTO_INCREMENT, 	person_id INT NOT NULL, 	quotes_id INT NOT NULL, 	FOREIGN KEY ( person_id ) REFERENCES person ( id ) 	FOREIGN KEY ( quotes_id ) REFERENCES quotes ( id ) 	PRIMARY KEY ( id ) ) 
java.sql.SQLSyntaxErrorException: You have an error in your SQL syntax; check the manual that corresponds to your MySQL server version for the right syntax to use near 'FOREIGN KEY ( quotes_id ) REFERENCES quotes ( id ) 	PRIMARY KEY ( id ) )' at line 1
Error executing: INSERT INTO quotes (symbol,time,price) VALUES ('GOOG','2004-08-19 00:00:01','85.00') 
java.sql.SQLSyntaxErrorException: Table 'stocks.quotes' doesn't exist
Error executing: INSERT INTO quotes (symbol,time,price) VALUES ('GOOG','2015-02-03 00:00:01','527.35') 
java.sql.SQLSyntaxErrorException: Table 'stocks.quotes' doesn't exist
Error executing: INSERT INTO quotes (symbol,time,price) VALUES ('APPL','2000-01-01 00:00:01','118.27') 
java.sql.SQLSyntaxErrorException: Table 'stocks.quotes' doesn't exist
Error executing: INSERT INTO quotes (symbol,time,price) VALUES ('AMZN','2015-02-03 00:00:01','363.21') 
java.sql.SQLSyntaxErrorException: Table 'stocks.quotes' doesn't exist

	at com.origamisoftware.teach.advanced.util.DatabaseUtils.initializeDatabase(DatabaseUtils.java:105)
	at com.origamisoftware.teach.advanced.services.DatabaseServiceTest.tearDown(DatabaseServiceTest.java:22)
	at sun.reflect.NativeMethodAccessorImpl.invoke0(Native Method)
	at sun.reflect.NativeMethodAccessorImpl.invoke(NativeMethodAccessorImpl.java:62)
	at sun.reflect.DelegatingMethodAccessorImpl.invoke(DelegatingMethodAccessorImpl.java:43)
	at java.lang.reflect.Method.invoke(Method.java:498)
	at org.junit.runners.model.FrameworkMethod$1.runReflectiveCall(FrameworkMethod.java:45)
	at org.junit.internal.runners.model.ReflectiveCallable.run(ReflectiveCallable.java:15)
	at org.junit.runners.model.FrameworkMethod.invokeExplosively(FrameworkMethod.java:42)
	at org.junit.internal.runners.statements.RunAfters.evaluate(RunAfters.java:36)
	at org.junit.runners.ParentRunner.runLeaf(ParentRunner.java:263)
	at org.junit.runners.BlockJUnit4ClassRunner.runChild(BlockJUnit4ClassRunner.java:68)
	at org.junit.runners.BlockJUnit4ClassRunner.runChild(BlockJUnit4ClassRunner.java:47)
	at org.junit.runners.ParentRunner$3.run(ParentRunner.java:231)
	at org.junit.runners.ParentRunner$1.schedule(ParentRunner.java:60)
	at org.junit.runners.ParentRunner.runChildren(ParentRunner.java:229)
	at org.junit.runners.ParentRunner.access$000(ParentRunner.java:50)
	at org.junit.runners.ParentRunner$2.evaluate(ParentRunner.java:222)
	at org.junit.runners.ParentRunner.run(ParentRunner.java:300)
	at org.apache.maven.surefire.junit4.JUnit4Provider.execute(JUnit4Provider.java:252)
	at org.apache.maven.surefire.junit4.JUnit4Provider.executeTestSet(JUnit4Provider.java:141)
	at org.apache.maven.surefire.junit4.JUnit4Provider.invoke(JUnit4Provider.java:112)
	at sun.reflect.NativeMethodAccessorImpl.invoke0(Native Method)
	at sun.reflect.NativeMethodAccessorImpl.invoke(NativeMethodAccessorImpl.java:62)
	at sun.reflect.DelegatingMethodAccessorImpl.invoke(DelegatingMethodAccessorImpl.java:43)
	at java.lang.reflect.Method.invoke(Method.java:498)
	at org.apache.maven.surefire.util.ReflectionUtils.invokeMethodWithArray(ReflectionUtils.java:189)
	at org.apache.maven.surefire.booter.ProviderFactory$ProviderProxy.invoke(ProviderFactory.java:165)
	at org.apache.maven.surefire.booter.ProviderFactory.invokeProvider(ProviderFactory.java:85)
	at org.apache.maven.surefire.booter.ForkedBooter.runSuitesInProcess(ForkedBooter.java:115)
	at org.apache.maven.surefire.booter.ForkedBooter.main(ForkedBooter.java:75)

testGetQuoteWithinRangeMinute(com.origamisoftware.teach.advanced.services.DatabaseStockServiceTest)  Time elapsed: 0.909 sec  <<< ERROR!
com.origamisoftware.teach.advanced.util.DatabaseInitializationException: SQL init script contained errors:Error executing: DROP TABLE IF IT EXISTS person CASCADE 
java.sql.SQLSyntaxErrorException: You have an error in your SQL syntax; check the manual that corresponds to your MySQL server version for the right syntax to use near 'IT EXISTS person CASCADE' at line 1
Error executing: DROP TABLE IF IT EXISTS portfolio CASCADE 
java.sql.SQLSyntaxErrorException: You have an error in your SQL syntax; check the manual that corresponds to your MySQL server version for the right syntax to use near 'IT EXISTS portfolio CASCADE' at line 1
Error executing: CREATE TABLE portfolio ( 	id INT NOT NULL AUTO_INCREMENT, 	person_id INT NOT NULL, 	quotes_id INT NOT NULL, 	FOREIGN KEY ( person_id ) REFERENCES person ( id ) 	FOREIGN KEY ( quotes_id ) REFERENCES quotes ( id ) 	PRIMARY KEY ( id ) ) 
java.sql.SQLSyntaxErrorException: You have an error in your SQL syntax; check the manual that corresponds to your MySQL server version for the right syntax to use near 'FOREIGN KEY ( quotes_id ) REFERENCES quotes ( id ) 	PRIMARY KEY ( id ) )' at line 1
Error executing: INSERT INTO quotes (symbol,time,price) VALUES ('GOOG','2004-08-19 00:00:01','85.00') 
java.sql.SQLSyntaxErrorException: Table 'stocks.quotes' doesn't exist
Error executing: INSERT INTO quotes (symbol,time,price) VALUES ('GOOG','2015-02-03 00:00:01','527.35') 
java.sql.SQLSyntaxErrorException: Table 'stocks.quotes' doesn't exist
Error executing: INSERT INTO quotes (symbol,time,price) VALUES ('APPL','2000-01-01 00:00:01','118.27') 
java.sql.SQLSyntaxErrorException: Table 'stocks.quotes' doesn't exist
Error executing: INSERT INTO quotes (symbol,time,price) VALUES ('AMZN','2015-02-03 00:00:01','363.21') 
java.sql.SQLSyntaxErrorException: Table 'stocks.quotes' doesn't exist

	at com.origamisoftware.teach.advanced.util.DatabaseUtils.initializeDatabase(DatabaseUtils.java:105)
	at com.origamisoftware.teach.advanced.services.DatabaseServiceTest.setUp(DatabaseServiceTest.java:18)
	at com.origamisoftware.teach.advanced.services.DatabaseStockServiceTest.setUp(DatabaseStockServiceTest.java:31)
	at sun.reflect.NativeMethodAccessorImpl.invoke0(Native Method)
	at sun.reflect.NativeMethodAccessorImpl.invoke(NativeMethodAccessorImpl.java:62)
	at sun.reflect.DelegatingMethodAccessorImpl.invoke(DelegatingMethodAccessorImpl.java:43)
	at java.lang.reflect.Method.invoke(Method.java:498)
	at org.junit.runners.model.FrameworkMethod$1.runReflectiveCall(FrameworkMethod.java:45)
	at org.junit.internal.runners.model.ReflectiveCallable.run(ReflectiveCallable.java:15)
	at org.junit.runners.model.FrameworkMethod.invokeExplosively(FrameworkMethod.java:42)
	at org.junit.internal.runners.statements.RunBefores.evaluate(RunBefores.java:27)
	at org.junit.internal.runners.statements.RunAfters.evaluate(RunAfters.java:30)
	at org.junit.runners.ParentRunner.runLeaf(ParentRunner.java:263)
	at org.junit.runners.BlockJUnit4ClassRunner.runChild(BlockJUnit4ClassRunner.java:68)
	at org.junit.runners.BlockJUnit4ClassRunner.runChild(BlockJUnit4ClassRunner.java:47)
	at org.junit.runners.ParentRunner$3.run(ParentRunner.java:231)
	at org.junit.runners.ParentRunner$1.schedule(ParentRunner.java:60)
	at org.junit.runners.ParentRunner.runChildren(ParentRunner.java:229)
	at org.junit.runners.ParentRunner.access$000(ParentRunner.java:50)
	at org.junit.runners.ParentRunner$2.evaluate(ParentRunner.java:222)
	at org.junit.runners.ParentRunner.run(ParentRunner.java:300)
	at org.apache.maven.surefire.junit4.JUnit4Provider.execute(JUnit4Provider.java:252)
	at org.apache.maven.surefire.junit4.JUnit4Provider.executeTestSet(JUnit4Provider.java:141)
	at org.apache.maven.surefire.junit4.JUnit4Provider.invoke(JUnit4Provider.java:112)
	at sun.reflect.NativeMethodAccessorImpl.invoke0(Native Method)
	at sun.reflect.NativeMethodAccessorImpl.invoke(NativeMethodAccessorImpl.java:62)
	at sun.reflect.DelegatingMethodAccessorImpl.invoke(DelegatingMethodAccessorImpl.java:43)
	at java.lang.reflect.Method.invoke(Method.java:498)
	at org.apache.maven.surefire.util.ReflectionUtils.invokeMethodWithArray(ReflectionUtils.java:189)
	at org.apache.maven.surefire.booter.ProviderFactory$ProviderProxy.invoke(ProviderFactory.java:165)
	at org.apache.maven.surefire.booter.ProviderFactory.invokeProvider(ProviderFactory.java:85)
	at org.apache.maven.surefire.booter.ForkedBooter.runSuitesInProcess(ForkedBooter.java:115)
	at org.apache.maven.surefire.booter.ForkedBooter.main(ForkedBooter.java:75)

testGetQuoteWithinRangeMinute(com.origamisoftware.teach.advanced.services.DatabaseStockServiceTest)  Time elapsed: 0.91 sec  <<< ERROR!
com.origamisoftware.teach.advanced.util.DatabaseInitializationException: SQL init script contained errors:Error executing: DROP TABLE IF IT EXISTS person CASCADE 
java.sql.SQLSyntaxErrorException: You have an error in your SQL syntax; check the manual that corresponds to your MySQL server version for the right syntax to use near 'IT EXISTS person CASCADE' at line 1
Error executing: DROP TABLE IF IT EXISTS portfolio CASCADE 
java.sql.SQLSyntaxErrorException: You have an error in your SQL syntax; check the manual that corresponds to your MySQL server version for the right syntax to use near 'IT EXISTS portfolio CASCADE' at line 1
Error executing: CREATE TABLE portfolio ( 	id INT NOT NULL AUTO_INCREMENT, 	person_id INT NOT NULL, 	quotes_id INT NOT NULL, 	FOREIGN KEY ( person_id ) REFERENCES person ( id ) 	FOREIGN KEY ( quotes_id ) REFERENCES quotes ( id ) 	PRIMARY KEY ( id ) ) 
java.sql.SQLSyntaxErrorException: You have an error in your SQL syntax; check the manual that corresponds to your MySQL server version for the right syntax to use near 'FOREIGN KEY ( quotes_id ) REFERENCES quotes ( id ) 	PRIMARY KEY ( id ) )' at line 1
Error executing: INSERT INTO quotes (symbol,time,price) VALUES ('GOOG','2004-08-19 00:00:01','85.00') 
java.sql.SQLSyntaxErrorException: Table 'stocks.quotes' doesn't exist
Error executing: INSERT INTO quotes (symbol,time,price) VALUES ('GOOG','2015-02-03 00:00:01','527.35') 
java.sql.SQLSyntaxErrorException: Table 'stocks.quotes' doesn't exist
Error executing: INSERT INTO quotes (symbol,time,price) VALUES ('APPL','2000-01-01 00:00:01','118.27') 
java.sql.SQLSyntaxErrorException: Table 'stocks.quotes' doesn't exist
Error executing: INSERT INTO quotes (symbol,time,price) VALUES ('AMZN','2015-02-03 00:00:01','363.21') 
java.sql.SQLSyntaxErrorException: Table 'stocks.quotes' doesn't exist

	at com.origamisoftware.teach.advanced.util.DatabaseUtils.initializeDatabase(DatabaseUtils.java:105)
	at com.origamisoftware.teach.advanced.services.DatabaseServiceTest.tearDown(DatabaseServiceTest.java:22)
	at sun.reflect.NativeMethodAccessorImpl.invoke0(Native Method)
	at sun.reflect.NativeMethodAccessorImpl.invoke(NativeMethodAccessorImpl.java:62)
	at sun.reflect.DelegatingMethodAccessorImpl.invoke(DelegatingMethodAccessorImpl.java:43)
	at java.lang.reflect.Method.invoke(Method.java:498)
	at org.junit.runners.model.FrameworkMethod$1.runReflectiveCall(FrameworkMethod.java:45)
	at org.junit.internal.runners.model.ReflectiveCallable.run(ReflectiveCallable.java:15)
	at org.junit.runners.model.FrameworkMethod.invokeExplosively(FrameworkMethod.java:42)
	at org.junit.internal.runners.statements.RunAfters.evaluate(RunAfters.java:36)
	at org.junit.runners.ParentRunner.runLeaf(ParentRunner.java:263)
	at org.junit.runners.BlockJUnit4ClassRunner.runChild(BlockJUnit4ClassRunner.java:68)
	at org.junit.runners.BlockJUnit4ClassRunner.runChild(BlockJUnit4ClassRunner.java:47)
	at org.junit.runners.ParentRunner$3.run(ParentRunner.java:231)
	at org.junit.runners.ParentRunner$1.schedule(ParentRunner.java:60)
	at org.junit.runners.ParentRunner.runChildren(ParentRunner.java:229)
	at org.junit.runners.ParentRunner.access$000(ParentRunner.java:50)
	at org.junit.runners.ParentRunner$2.evaluate(ParentRunner.java:222)
	at org.junit.runners.ParentRunner.run(ParentRunner.java:300)
	at org.apache.maven.surefire.junit4.JUnit4Provider.execute(JUnit4Provider.java:252)
	at org.apache.maven.surefire.junit4.JUnit4Provider.executeTestSet(JUnit4Provider.java:141)
	at org.apache.maven.surefire.junit4.JUnit4Provider.invoke(JUnit4Provider.java:112)
	at sun.reflect.NativeMethodAccessorImpl.invoke0(Native Method)
	at sun.reflect.NativeMethodAccessorImpl.invoke(NativeMethodAccessorImpl.java:62)
	at sun.reflect.DelegatingMethodAccessorImpl.invoke(DelegatingMethodAccessorImpl.java:43)
	at java.lang.reflect.Method.invoke(Method.java:498)
	at org.apache.maven.surefire.util.ReflectionUtils.invokeMethodWithArray(ReflectionUtils.java:189)
	at org.apache.maven.surefire.booter.ProviderFactory$ProviderProxy.invoke(ProviderFactory.java:165)
	at org.apache.maven.surefire.booter.ProviderFactory.invokeProvider(ProviderFactory.java:85)
	at org.apache.maven.surefire.booter.ForkedBooter.runSuitesInProcess(ForkedBooter.java:115)
	at org.apache.maven.surefire.booter.ForkedBooter.main(ForkedBooter.java:75)

testGetQuoteWithIntervalBasic(com.origamisoftware.teach.advanced.services.DatabaseStockServiceTest)  Time elapsed: 0.845 sec  <<< ERROR!
com.origamisoftware.teach.advanced.util.DatabaseInitializationException: SQL init script contained errors:Error executing: DROP TABLE IF IT EXISTS person CASCADE 
java.sql.SQLSyntaxErrorException: You have an error in your SQL syntax; check the manual that corresponds to your MySQL server version for the right syntax to use near 'IT EXISTS person CASCADE' at line 1
Error executing: DROP TABLE IF IT EXISTS portfolio CASCADE 
java.sql.SQLSyntaxErrorException: You have an error in your SQL syntax; check the manual that corresponds to your MySQL server version for the right syntax to use near 'IT EXISTS portfolio CASCADE' at line 1
Error executing: CREATE TABLE portfolio ( 	id INT NOT NULL AUTO_INCREMENT, 	person_id INT NOT NULL, 	quotes_id INT NOT NULL, 	FOREIGN KEY ( person_id ) REFERENCES person ( id ) 	FOREIGN KEY ( quotes_id ) REFERENCES quotes ( id ) 	PRIMARY KEY ( id ) ) 
java.sql.SQLSyntaxErrorException: You have an error in your SQL syntax; check the manual that corresponds to your MySQL server version for the right syntax to use near 'FOREIGN KEY ( quotes_id ) REFERENCES quotes ( id ) 	PRIMARY KEY ( id ) )' at line 1
Error executing: INSERT INTO quotes (symbol,time,price) VALUES ('GOOG','2004-08-19 00:00:01','85.00') 
java.sql.SQLSyntaxErrorException: Table 'stocks.quotes' doesn't exist
Error executing: INSERT INTO quotes (symbol,time,price) VALUES ('GOOG','2015-02-03 00:00:01','527.35') 
java.sql.SQLSyntaxErrorException: Table 'stocks.quotes' doesn't exist
Error executing: INSERT INTO quotes (symbol,time,price) VALUES ('APPL','2000-01-01 00:00:01','118.27') 
java.sql.SQLSyntaxErrorException: Table 'stocks.quotes' doesn't exist
Error executing: INSERT INTO quotes (symbol,time,price) VALUES ('AMZN','2015-02-03 00:00:01','363.21') 
java.sql.SQLSyntaxErrorException: Table 'stocks.quotes' doesn't exist

	at com.origamisoftware.teach.advanced.util.DatabaseUtils.initializeDatabase(DatabaseUtils.java:105)
	at com.origamisoftware.teach.advanced.services.DatabaseServiceTest.setUp(DatabaseServiceTest.java:18)
	at com.origamisoftware.teach.advanced.services.DatabaseStockServiceTest.setUp(DatabaseStockServiceTest.java:31)
	at sun.reflect.NativeMethodAccessorImpl.invoke0(Native Method)
	at sun.reflect.NativeMethodAccessorImpl.invoke(NativeMethodAccessorImpl.java:62)
	at sun.reflect.DelegatingMethodAccessorImpl.invoke(DelegatingMethodAccessorImpl.java:43)
	at java.lang.reflect.Method.invoke(Method.java:498)
	at org.junit.runners.model.FrameworkMethod$1.runReflectiveCall(FrameworkMethod.java:45)
	at org.junit.internal.runners.model.ReflectiveCallable.run(ReflectiveCallable.java:15)
	at org.junit.runners.model.FrameworkMethod.invokeExplosively(FrameworkMethod.java:42)
	at org.junit.internal.runners.statements.RunBefores.evaluate(RunBefores.java:27)
	at org.junit.internal.runners.statements.RunAfters.evaluate(RunAfters.java:30)
	at org.junit.runners.ParentRunner.runLeaf(ParentRunner.java:263)
	at org.junit.runners.BlockJUnit4ClassRunner.runChild(BlockJUnit4ClassRunner.java:68)
	at org.junit.runners.BlockJUnit4ClassRunner.runChild(BlockJUnit4ClassRunner.java:47)
	at org.junit.runners.ParentRunner$3.run(ParentRunner.java:231)
	at org.junit.runners.ParentRunner$1.schedule(ParentRunner.java:60)
	at org.junit.runners.ParentRunner.runChildren(ParentRunner.java:229)
	at org.junit.runners.ParentRunner.access$000(ParentRunner.java:50)
	at org.junit.runners.ParentRunner$2.evaluate(ParentRunner.java:222)
	at org.junit.runners.ParentRunner.run(ParentRunner.java:300)
	at org.apache.maven.surefire.junit4.JUnit4Provider.execute(JUnit4Provider.java:252)
	at org.apache.maven.surefire.junit4.JUnit4Provider.executeTestSet(JUnit4Provider.java:141)
	at org.apache.maven.surefire.junit4.JUnit4Provider.invoke(JUnit4Provider.java:112)
	at sun.reflect.NativeMethodAccessorImpl.invoke0(Native Method)
	at sun.reflect.NativeMethodAccessorImpl.invoke(NativeMethodAccessorImpl.java:62)
	at sun.reflect.DelegatingMethodAccessorImpl.invoke(DelegatingMethodAccessorImpl.java:43)
	at java.lang.reflect.Method.invoke(Method.java:498)
	at org.apache.maven.surefire.util.ReflectionUtils.invokeMethodWithArray(ReflectionUtils.java:189)
	at org.apache.maven.surefire.booter.ProviderFactory$ProviderProxy.invoke(ProviderFactory.java:165)
	at org.apache.maven.surefire.booter.ProviderFactory.invokeProvider(ProviderFactory.java:85)
	at org.apache.maven.surefire.booter.ForkedBooter.runSuitesInProcess(ForkedBooter.java:115)
	at org.apache.maven.surefire.booter.ForkedBooter.main(ForkedBooter.java:75)

testGetQuoteWithIntervalBasic(com.origamisoftware.teach.advanced.services.DatabaseStockServiceTest)  Time elapsed: 0.845 sec  <<< ERROR!
com.origamisoftware.teach.advanced.util.DatabaseInitializationException: SQL init script contained errors:Error executing: DROP TABLE IF IT EXISTS person CASCADE 
java.sql.SQLSyntaxErrorException: You have an error in your SQL syntax; check the manual that corresponds to your MySQL server version for the right syntax to use near 'IT EXISTS person CASCADE' at line 1
Error executing: DROP TABLE IF IT EXISTS portfolio CASCADE 
java.sql.SQLSyntaxErrorException: You have an error in your SQL syntax; check the manual that corresponds to your MySQL server version for the right syntax to use near 'IT EXISTS portfolio CASCADE' at line 1
Error executing: CREATE TABLE portfolio ( 	id INT NOT NULL AUTO_INCREMENT, 	person_id INT NOT NULL, 	quotes_id INT NOT NULL, 	FOREIGN KEY ( person_id ) REFERENCES person ( id ) 	FOREIGN KEY ( quotes_id ) REFERENCES quotes ( id ) 	PRIMARY KEY ( id ) ) 
java.sql.SQLSyntaxErrorException: You have an error in your SQL syntax; check the manual that corresponds to your MySQL server version for the right syntax to use near 'FOREIGN KEY ( quotes_id ) REFERENCES quotes ( id ) 	PRIMARY KEY ( id ) )' at line 1
Error executing: INSERT INTO quotes (symbol,time,price) VALUES ('GOOG','2004-08-19 00:00:01','85.00') 
java.sql.SQLSyntaxErrorException: Table 'stocks.quotes' doesn't exist
Error executing: INSERT INTO quotes (symbol,time,price) VALUES ('GOOG','2015-02-03 00:00:01','527.35') 
java.sql.SQLSyntaxErrorException: Table 'stocks.quotes' doesn't exist
Error executing: INSERT INTO quotes (symbol,time,price) VALUES ('APPL','2000-01-01 00:00:01','118.27') 
java.sql.SQLSyntaxErrorException: Table 'stocks.quotes' doesn't exist
Error executing: INSERT INTO quotes (symbol,time,price) VALUES ('AMZN','2015-02-03 00:00:01','363.21') 
java.sql.SQLSyntaxErrorException: Table 'stocks.quotes' doesn't exist

	at com.origamisoftware.teach.advanced.util.DatabaseUtils.initializeDatabase(DatabaseUtils.java:105)
	at com.origamisoftware.teach.advanced.services.DatabaseServiceTest.tearDown(DatabaseServiceTest.java:22)
	at sun.reflect.NativeMethodAccessorImpl.invoke0(Native Method)
	at sun.reflect.NativeMethodAccessorImpl.invoke(NativeMethodAccessorImpl.java:62)
	at sun.reflect.DelegatingMethodAccessorImpl.invoke(DelegatingMethodAccessorImpl.java:43)
	at java.lang.reflect.Method.invoke(Method.java:498)
	at org.junit.runners.model.FrameworkMethod$1.runReflectiveCall(FrameworkMethod.java:45)
	at org.junit.internal.runners.model.ReflectiveCallable.run(ReflectiveCallable.java:15)
	at org.junit.runners.model.FrameworkMethod.invokeExplosively(FrameworkMethod.java:42)
	at org.junit.internal.runners.statements.RunAfters.evaluate(RunAfters.java:36)
	at org.junit.runners.ParentRunner.runLeaf(ParentRunner.java:263)
	at org.junit.runners.BlockJUnit4ClassRunner.runChild(BlockJUnit4ClassRunner.java:68)
	at org.junit.runners.BlockJUnit4ClassRunner.runChild(BlockJUnit4ClassRunner.java:47)
	at org.junit.runners.ParentRunner$3.run(ParentRunner.java:231)
	at org.junit.runners.ParentRunner$1.schedule(ParentRunner.java:60)
	at org.junit.runners.ParentRunner.runChildren(ParentRunner.java:229)
	at org.junit.runners.ParentRunner.access$000(ParentRunner.java:50)
	at org.junit.runners.ParentRunner$2.evaluate(ParentRunner.java:222)
	at org.junit.runners.ParentRunner.run(ParentRunner.java:300)
	at org.apache.maven.surefire.junit4.JUnit4Provider.execute(JUnit4Provider.java:252)
	at org.apache.maven.surefire.junit4.JUnit4Provider.executeTestSet(JUnit4Provider.java:141)
	at org.apache.maven.surefire.junit4.JUnit4Provider.invoke(JUnit4Provider.java:112)
	at sun.reflect.NativeMethodAccessorImpl.invoke0(Native Method)
	at sun.reflect.NativeMethodAccessorImpl.invoke(NativeMethodAccessorImpl.java:62)
	at sun.reflect.DelegatingMethodAccessorImpl.invoke(DelegatingMethodAccessorImpl.java:43)
	at java.lang.reflect.Method.invoke(Method.java:498)
	at org.apache.maven.surefire.util.ReflectionUtils.invokeMethodWithArray(ReflectionUtils.java:189)
	at org.apache.maven.surefire.booter.ProviderFactory$ProviderProxy.invoke(ProviderFactory.java:165)
	at org.apache.maven.surefire.booter.ProviderFactory.invokeProvider(ProviderFactory.java:85)
	at org.apache.maven.surefire.booter.ForkedBooter.runSuitesInProcess(ForkedBooter.java:115)
	at org.apache.maven.surefire.booter.ForkedBooter.main(ForkedBooter.java:75)

testGetQuoteWithinRangeDay(com.origamisoftware.teach.advanced.services.DatabaseStockServiceTest)  Time elapsed: 0.77 sec  <<< ERROR!
com.origamisoftware.teach.advanced.util.DatabaseInitializationException: SQL init script contained errors:Error executing: DROP TABLE IF IT EXISTS person CASCADE 
java.sql.SQLSyntaxErrorException: You have an error in your SQL syntax; check the manual that corresponds to your MySQL server version for the right syntax to use near 'IT EXISTS person CASCADE' at line 1
Error executing: DROP TABLE IF IT EXISTS portfolio CASCADE 
java.sql.SQLSyntaxErrorException: You have an error in your SQL syntax; check the manual that corresponds to your MySQL server version for the right syntax to use near 'IT EXISTS portfolio CASCADE' at line 1
Error executing: CREATE TABLE portfolio ( 	id INT NOT NULL AUTO_INCREMENT, 	person_id INT NOT NULL, 	quotes_id INT NOT NULL, 	FOREIGN KEY ( person_id ) REFERENCES person ( id ) 	FOREIGN KEY ( quotes_id ) REFERENCES quotes ( id ) 	PRIMARY KEY ( id ) ) 
java.sql.SQLSyntaxErrorException: You have an error in your SQL syntax; check the manual that corresponds to your MySQL server version for the right syntax to use near 'FOREIGN KEY ( quotes_id ) REFERENCES quotes ( id ) 	PRIMARY KEY ( id ) )' at line 1
Error executing: INSERT INTO quotes (symbol,time,price) VALUES ('GOOG','2004-08-19 00:00:01','85.00') 
java.sql.SQLSyntaxErrorException: Table 'stocks.quotes' doesn't exist
Error executing: INSERT INTO quotes (symbol,time,price) VALUES ('GOOG','2015-02-03 00:00:01','527.35') 
java.sql.SQLSyntaxErrorException: Table 'stocks.quotes' doesn't exist
Error executing: INSERT INTO quotes (symbol,time,price) VALUES ('APPL','2000-01-01 00:00:01','118.27') 
java.sql.SQLSyntaxErrorException: Table 'stocks.quotes' doesn't exist
Error executing: INSERT INTO quotes (symbol,time,price) VALUES ('AMZN','2015-02-03 00:00:01','363.21') 
java.sql.SQLSyntaxErrorException: Table 'stocks.quotes' doesn't exist

	at com.origamisoftware.teach.advanced.util.DatabaseUtils.initializeDatabase(DatabaseUtils.java:105)
	at com.origamisoftware.teach.advanced.services.DatabaseServiceTest.setUp(DatabaseServiceTest.java:18)
	at com.origamisoftware.teach.advanced.services.DatabaseStockServiceTest.setUp(DatabaseStockServiceTest.java:31)
	at sun.reflect.NativeMethodAccessorImpl.invoke0(Native Method)
	at sun.reflect.NativeMethodAccessorImpl.invoke(NativeMethodAccessorImpl.java:62)
	at sun.reflect.DelegatingMethodAccessorImpl.invoke(DelegatingMethodAccessorImpl.java:43)
	at java.lang.reflect.Method.invoke(Method.java:498)
	at org.junit.runners.model.FrameworkMethod$1.runReflectiveCall(FrameworkMethod.java:45)
	at org.junit.internal.runners.model.ReflectiveCallable.run(ReflectiveCallable.java:15)
	at org.junit.runners.model.FrameworkMethod.invokeExplosively(FrameworkMethod.java:42)
	at org.junit.internal.runners.statements.RunBefores.evaluate(RunBefores.java:27)
	at org.junit.internal.runners.statements.RunAfters.evaluate(RunAfters.java:30)
	at org.junit.runners.ParentRunner.runLeaf(ParentRunner.java:263)
	at org.junit.runners.BlockJUnit4ClassRunner.runChild(BlockJUnit4ClassRunner.java:68)
	at org.junit.runners.BlockJUnit4ClassRunner.runChild(BlockJUnit4ClassRunner.java:47)
	at org.junit.runners.ParentRunner$3.run(ParentRunner.java:231)
	at org.junit.runners.ParentRunner$1.schedule(ParentRunner.java:60)
	at org.junit.runners.ParentRunner.runChildren(ParentRunner.java:229)
	at org.junit.runners.ParentRunner.access$000(ParentRunner.java:50)
	at org.junit.runners.ParentRunner$2.evaluate(ParentRunner.java:222)
	at org.junit.runners.ParentRunner.run(ParentRunner.java:300)
	at org.apache.maven.surefire.junit4.JUnit4Provider.execute(JUnit4Provider.java:252)
	at org.apache.maven.surefire.junit4.JUnit4Provider.executeTestSet(JUnit4Provider.java:141)
	at org.apache.maven.surefire.junit4.JUnit4Provider.invoke(JUnit4Provider.java:112)
	at sun.reflect.NativeMethodAccessorImpl.invoke0(Native Method)
	at sun.reflect.NativeMethodAccessorImpl.invoke(NativeMethodAccessorImpl.java:62)
	at sun.reflect.DelegatingMethodAccessorImpl.invoke(DelegatingMethodAccessorImpl.java:43)
	at java.lang.reflect.Method.invoke(Method.java:498)
	at org.apache.maven.surefire.util.ReflectionUtils.invokeMethodWithArray(ReflectionUtils.java:189)
	at org.apache.maven.surefire.booter.ProviderFactory$ProviderProxy.invoke(ProviderFactory.java:165)
	at org.apache.maven.surefire.booter.ProviderFactory.invokeProvider(ProviderFactory.java:85)
	at org.apache.maven.surefire.booter.ForkedBooter.runSuitesInProcess(ForkedBooter.java:115)
	at org.apache.maven.surefire.booter.ForkedBooter.main(ForkedBooter.java:75)

testGetQuoteWithinRangeDay(com.origamisoftware.teach.advanced.services.DatabaseStockServiceTest)  Time elapsed: 0.771 sec  <<< ERROR!
com.origamisoftware.teach.advanced.util.DatabaseInitializationException: SQL init script contained errors:Error executing: DROP TABLE IF IT EXISTS person CASCADE 
java.sql.SQLSyntaxErrorException: You have an error in your SQL syntax; check the manual that corresponds to your MySQL server version for the right syntax to use near 'IT EXISTS person CASCADE' at line 1
Error executing: DROP TABLE IF IT EXISTS portfolio CASCADE 
java.sql.SQLSyntaxErrorException: You have an error in your SQL syntax; check the manual that corresponds to your MySQL server version for the right syntax to use near 'IT EXISTS portfolio CASCADE' at line 1
Error executing: CREATE TABLE portfolio ( 	id INT NOT NULL AUTO_INCREMENT, 	person_id INT NOT NULL, 	quotes_id INT NOT NULL, 	FOREIGN KEY ( person_id ) REFERENCES person ( id ) 	FOREIGN KEY ( quotes_id ) REFERENCES quotes ( id ) 	PRIMARY KEY ( id ) ) 
java.sql.SQLSyntaxErrorException: You have an error in your SQL syntax; check the manual that corresponds to your MySQL server version for the right syntax to use near 'FOREIGN KEY ( quotes_id ) REFERENCES quotes ( id ) 	PRIMARY KEY ( id ) )' at line 1
Error executing: INSERT INTO quotes (symbol,time,price) VALUES ('GOOG','2004-08-19 00:00:01','85.00') 
java.sql.SQLSyntaxErrorException: Table 'stocks.quotes' doesn't exist
Error executing: INSERT INTO quotes (symbol,time,price) VALUES ('GOOG','2015-02-03 00:00:01','527.35') 
java.sql.SQLSyntaxErrorException: Table 'stocks.quotes' doesn't exist
Error executing: INSERT INTO quotes (symbol,time,price) VALUES ('APPL','2000-01-01 00:00:01','118.27') 
java.sql.SQLSyntaxErrorException: Table 'stocks.quotes' doesn't exist
Error executing: INSERT INTO quotes (symbol,time,price) VALUES ('AMZN','2015-02-03 00:00:01','363.21') 
java.sql.SQLSyntaxErrorException: Table 'stocks.quotes' doesn't exist

	at com.origamisoftware.teach.advanced.util.DatabaseUtils.initializeDatabase(DatabaseUtils.java:105)
	at com.origamisoftware.teach.advanced.services.DatabaseServiceTest.tearDown(DatabaseServiceTest.java:22)
	at sun.reflect.NativeMethodAccessorImpl.invoke0(Native Method)
	at sun.reflect.NativeMethodAccessorImpl.invoke(NativeMethodAccessorImpl.java:62)
	at sun.reflect.DelegatingMethodAccessorImpl.invoke(DelegatingMethodAccessorImpl.java:43)
	at java.lang.reflect.Method.invoke(Method.java:498)
	at org.junit.runners.model.FrameworkMethod$1.runReflectiveCall(FrameworkMethod.java:45)
	at org.junit.internal.runners.model.ReflectiveCallable.run(ReflectiveCallable.java:15)
	at org.junit.runners.model.FrameworkMethod.invokeExplosively(FrameworkMethod.java:42)
	at org.junit.internal.runners.statements.RunAfters.evaluate(RunAfters.java:36)
	at org.junit.runners.ParentRunner.runLeaf(ParentRunner.java:263)
	at org.junit.runners.BlockJUnit4ClassRunner.runChild(BlockJUnit4ClassRunner.java:68)
	at org.junit.runners.BlockJUnit4ClassRunner.runChild(BlockJUnit4ClassRunner.java:47)
	at org.junit.runners.ParentRunner$3.run(ParentRunner.java:231)
	at org.junit.runners.ParentRunner$1.schedule(ParentRunner.java:60)
	at org.junit.runners.ParentRunner.runChildren(ParentRunner.java:229)
	at org.junit.runners.ParentRunner.access$000(ParentRunner.java:50)
	at org.junit.runners.ParentRunner$2.evaluate(ParentRunner.java:222)
	at org.junit.runners.ParentRunner.run(ParentRunner.java:300)
	at org.apache.maven.surefire.junit4.JUnit4Provider.execute(JUnit4Provider.java:252)
	at org.apache.maven.surefire.junit4.JUnit4Provider.executeTestSet(JUnit4Provider.java:141)
	at org.apache.maven.surefire.junit4.JUnit4Provider.invoke(JUnit4Provider.java:112)
	at sun.reflect.NativeMethodAccessorImpl.invoke0(Native Method)
	at sun.reflect.NativeMethodAccessorImpl.invoke(NativeMethodAccessorImpl.java:62)
	at sun.reflect.DelegatingMethodAccessorImpl.invoke(DelegatingMethodAccessorImpl.java:43)
	at java.lang.reflect.Method.invoke(Method.java:498)
	at org.apache.maven.surefire.util.ReflectionUtils.invokeMethodWithArray(ReflectionUtils.java:189)
	at org.apache.maven.surefire.booter.ProviderFactory$ProviderProxy.invoke(ProviderFactory.java:165)
	at org.apache.maven.surefire.booter.ProviderFactory.invokeProvider(ProviderFactory.java:85)
	at org.apache.maven.surefire.booter.ForkedBooter.runSuitesInProcess(ForkedBooter.java:115)
	at org.apache.maven.surefire.booter.ForkedBooter.main(ForkedBooter.java:75)

