<?xml version="1.0" encoding="UTF-8" ?>
<testsuite tests="8" failures="0" name="com.origamisoftware.teach.advanced.services.DatabaseStockServiceTest" time="5.998" errors="8" skipped="0">
  <properties>
[...]
</properties>
  <testcase classname="com.origamisoftware.teach.advanced.services.DatabaseStockServiceTest" name="testGetQuote" time="0.473">
    <error message="SQL init script contained errors:Error executing: DROP TABLE IF IT EXISTS person CASCADE 
java.sql.SQLSyntaxErrorException: You have an error in your SQL syntax; check the manual that corresponds to your MySQL server version for the right syntax to use near &apos;IT EXISTS person CASCADE&apos; at line 1
Error executing: DROP TABLE IF IT EXISTS portfolio CASCADE 
java.sql.SQLSyntaxErrorException: You have an error in your SQL syntax; check the manual that corresponds to your MySQL server version for the right syntax to use near &apos;IT EXISTS portfolio CASCADE&apos; at line 1
Error executing: CREATE TABLE portfolio ( 	id INT NOT NULL AUTO_INCREMENT, 	person_id INT NOT NULL, 	quotes_id INT NOT NULL, 	FOREIGN KEY ( person_id ) REFERENCES person ( id ) 	FOREIGN KEY ( quotes_id ) REFERENCES quotes ( id ) 	PRIMARY KEY ( id ) ) 
java.sql.SQLSyntaxErrorException: You have an error in your SQL syntax; check the manual that corresponds to your MySQL server version for the right syntax to use near &apos;FOREIGN KEY ( quotes_id ) REFERENCES quotes ( id ) 	PRIMARY KEY ( id ) )&apos; at line 1
Error executing: INSERT INTO quotes (symbol,time,price) VALUES (&apos;GOOG&apos;,&apos;2004-08-19 00:00:01&apos;,&apos;85.00&apos;) 
java.sql.SQLSyntaxErrorException: Table &apos;stocks.quotes&apos; doesn&apos;t exist
Error executing: INSERT INTO quotes (symbol,time,price) VALUES (&apos;GOOG&apos;,&apos;2015-02-03 00:00:01&apos;,&apos;527.35&apos;) 
java.sql.SQLSyntaxErrorException: Table &apos;stocks.quotes&apos; doesn&apos;t exist
Error executing: INSERT INTO quotes (symbol,time,price) VALUES (&apos;APPL&apos;,&apos;2000-01-01 00:00:01&apos;,&apos;118.27&apos;) 
java.sql.SQLSyntaxErrorException: Table &apos;stocks.quotes&apos; doesn&apos;t exist
Error executing: INSERT INTO quotes (symbol,time,price) VALUES (&apos;AMZN&apos;,&apos;2015-02-03 00:00:01&apos;,&apos;363.21&apos;) 
java.sql.SQLSyntaxErrorException: Table &apos;stocks.quotes&apos; doesn&apos;t exist
" type="com.origamisoftware.teach.advanced.util.DatabaseInitializationException">com.origamisoftware.teach.advanced.util.DatabaseInitializationException: SQL init script contained errors:Error executing: DROP TABLE IF IT EXISTS person CASCADE 
java.sql.SQLSyntaxErrorException: You have an error in your SQL syntax; check the manual that corresponds to your MySQL server version for the right syntax to use near &apos;IT EXISTS person CASCADE&apos; at line 1
Error executing: DROP TABLE IF IT EXISTS portfolio CASCADE 
java.sql.SQLSyntaxErrorException: You have an error in your SQL syntax; check the manual that corresponds to your MySQL server version for the right syntax to use near &apos;IT EXISTS portfolio CASCADE&apos; at line 1
Error executing: CREATE TABLE portfolio ( 	id INT NOT NULL AUTO_INCREMENT, 	person_id INT NOT NULL, 	quotes_id INT NOT NULL, 	FOREIGN KEY ( person_id ) REFERENCES person ( id ) 	FOREIGN KEY ( quotes_id ) REFERENCES quotes ( id ) 	PRIMARY KEY ( id ) ) 
java.sql.SQLSyntaxErrorException: You have an error in your SQL syntax; check the manual that corresponds to your MySQL server version for the right syntax to use near &apos;FOREIGN KEY ( quotes_id ) REFERENCES quotes ( id ) 	PRIMARY KEY ( id ) )&apos; at line 1
Error executing: INSERT INTO quotes (symbol,time,price) VALUES (&apos;GOOG&apos;,&apos;2004-08-19 00:00:01&apos;,&apos;85.00&apos;) 
java.sql.SQLSyntaxErrorException: Table &apos;stocks.quotes&apos; doesn&apos;t exist
Error executing: INSERT INTO quotes (symbol,time,price) VALUES (&apos;GOOG&apos;,&apos;2015-02-03 00:00:01&apos;,&apos;527.35&apos;) 
java.sql.SQLSyntaxErrorException: Table &apos;stocks.quotes&apos; doesn&apos;t exist
Error executing: INSERT INTO quotes (symbol,time,price) VALUES (&apos;APPL&apos;,&apos;2000-01-01 00:00:01&apos;,&apos;118.27&apos;) 
java.sql.SQLSyntaxErrorException: Table &apos;stocks.quotes&apos; doesn&apos;t exist
Error executing: INSERT INTO quotes (symbol,time,price) VALUES (&apos;AMZN&apos;,&apos;2015-02-03 00:00:01&apos;,&apos;363.21&apos;) 
java.sql.SQLSyntaxErrorException: Table &apos;stocks.quotes&apos; doesn&apos;t exist

	at com.origamisoftware.teach.advanced.util.DatabaseUtils.initializeDatabase(DatabaseUtils.java:105)
	at com.origamisoftware.teach.advanced.services.DatabaseServiceTest.setUp(DatabaseServiceTest.java:18)
	at com.origamisoftware.teach.advanced.services.DatabaseStockServiceTest.setUp(DatabaseStockServiceTest.java:31)
	at sun.reflect.NativeMethodAccessorImpl.invoke0(Native Method)
	at sun.reflect.NativeMethodAccessorImpl.invoke(NativeMethodAccessorImpl.java:62)
	at sun.reflect.DelegatingMethodAccessorImpl.invoke(DelegatingMethodAccessorImpl.java:43)
	at java.lang.reflect.Method.invoke(Method.java:498)
	at org.junit.runners.model.FrameworkMethod$1.runReflectiveCall(FrameworkMethod.java:45)
	at org.junit.internal.runners.model.ReflectiveCallable.run(ReflectiveCallable.java:15)
	at org.junit.runners.model.FrameworkMethod.invokeExplosively(FrameworkMethod.java:42)
	at org.junit.internal.runners.statements.RunBefores.evaluate(RunBefores.java:27)
	at org.junit.internal.runners.statements.RunAfters.evaluate(RunAfters.java:30)
	at org.junit.runners.ParentRunner.runLeaf(ParentRunner.java:263)
	at org.junit.runners.BlockJUnit4ClassRunner.runChild(BlockJUnit4ClassRunner.java:68)
	at org.junit.runners.BlockJUnit4ClassRunner.runChild(BlockJUnit4ClassRunner.java:47)
	at org.junit.runners.ParentRunner$3.run(ParentRunner.java:231)
	at org.junit.runners.ParentRunner$1.schedule(ParentRunner.java:60)
	at org.junit.runners.ParentRunner.runChildren(ParentRunner.java:229)
	at org.junit.runners.ParentRunner.access$000(ParentRunner.java:50)
	at org.junit.runners.ParentRunner$2.evaluate(ParentRunner.java:222)
	at org.junit.runners.ParentRunner.run(ParentRunner.java:300)
	at org.apache.maven.surefire.junit4.JUnit4Provider.execute(JUnit4Provider.java:252)
	at org.apache.maven.surefire.junit4.JUnit4Provider.executeTestSet(JUnit4Provider.java:141)
	at org.apache.maven.surefire.junit4.JUnit4Provider.invoke(JUnit4Provider.java:112)
	at sun.reflect.NativeMethodAccessorImpl.invoke0(Native Method)
	at sun.reflect.NativeMethodAccessorImpl.invoke(NativeMethodAccessorImpl.java:62)
	at sun.reflect.DelegatingMethodAccessorImpl.invoke(DelegatingMethodAccessorImpl.java:43)
	at java.lang.reflect.Method.invoke(Method.java:498)
	at org.apache.maven.surefire.util.ReflectionUtils.invokeMethodWithArray(ReflectionUtils.java:189)
	at org.apache.maven.surefire.booter.ProviderFactory$ProviderProxy.invoke(ProviderFactory.java:165)
	at org.apache.maven.surefire.booter.ProviderFactory.invokeProvider(ProviderFactory.java:85)
	at org.apache.maven.surefire.booter.ForkedBooter.runSuitesInProcess(ForkedBooter.java:115)
	at org.apache.maven.surefire.booter.ForkedBooter.main(ForkedBooter.java:75)
</error>
    <system-out>/** create the stocks database */ DROP DATABASE IF EXISTS stocks 
CREATE DATABASE stocks 
USE stocks 
DROP TABLE IF EXISTS quote CASCADE 
CREATE TABLE quote(    id INT NOT NULL AUTO_INCREMENT,    symbol VARCHAR(4) NOT NULL,    time DATETIME NOT NULL,    price DECIMAL NOT NULL,    PRIMARY KEY ( id ) ) 
DROP TABLE IF IT EXISTS person CASCADE 
CREATE TABLE person ( 	id INT NOT NULL AUTO_INCREMENT, 	last_name VARCHAR(256) NOT NULL, 	first_name VARCHAR(256) NOT NULL, 	PRIMARY KEY ( id ) ) 
DROP TABLE IF IT EXISTS portfolio CASCADE 
CREATE TABLE portfolio ( 	id INT NOT NULL AUTO_INCREMENT, 	person_id INT NOT NULL, 	quotes_id INT NOT NULL, 	FOREIGN KEY ( person_id ) REFERENCES person ( id ) 	FOREIGN KEY ( quotes_id ) REFERENCES quotes ( id ) 	PRIMARY KEY ( id ) ) 
INSERT INTO quotes (symbol,time,price) VALUES (&apos;GOOG&apos;,&apos;2004-08-19 00:00:01&apos;,&apos;85.00&apos;) 
INSERT INTO quotes (symbol,time,price) VALUES (&apos;GOOG&apos;,&apos;2015-02-03 00:00:01&apos;,&apos;527.35&apos;) 
INSERT INTO quotes (symbol,time,price) VALUES (&apos;APPL&apos;,&apos;2000-01-01 00:00:01&apos;,&apos;118.27&apos;) 
INSERT INTO quotes (symbol,time,price) VALUES (&apos;AMZN&apos;,&apos;2015-02-03 00:00:01&apos;,&apos;363.21&apos;) 
/** create the stocks database */ DROP DATABASE IF EXISTS stocks 
CREATE DATABASE stocks 
USE stocks 
DROP TABLE IF EXISTS quote CASCADE 
CREATE TABLE quote(    id INT NOT NULL AUTO_INCREMENT,    symbol VARCHAR(4) NOT NULL,    time DATETIME NOT NULL,    price DECIMAL NOT NULL,    PRIMARY KEY ( id ) ) 
DROP TABLE IF IT EXISTS person CASCADE 
CREATE TABLE person ( 	id INT NOT NULL AUTO_INCREMENT, 	last_name VARCHAR(256) NOT NULL, 	first_name VARCHAR(256) NOT NULL, 	PRIMARY KEY ( id ) ) 
DROP TABLE IF IT EXISTS portfolio CASCADE 
CREATE TABLE portfolio ( 	id INT NOT NULL AUTO_INCREMENT, 	person_id INT NOT NULL, 	quotes_id INT NOT NULL, 	FOREIGN KEY ( person_id ) REFERENCES person ( id ) 	FOREIGN KEY ( quotes_id ) REFERENCES quotes ( id ) 	PRIMARY KEY ( id ) ) 
INSERT INTO quotes (symbol,time,price) VALUES (&apos;GOOG&apos;,&apos;2004-08-19 00:00:01&apos;,&apos;85.00&apos;) 
INSERT INTO quotes (symbol,time,price) VALUES (&apos;GOOG&apos;,&apos;2015-02-03 00:00:01&apos;,&apos;527.35&apos;) 
INSERT INTO quotes (symbol,time,price) VALUES (&apos;APPL&apos;,&apos;2000-01-01 00:00:01&apos;,&apos;118.27&apos;) 
INSERT INTO quotes (symbol,time,price) VALUES (&apos;AMZN&apos;,&apos;2015-02-03 00:00:01&apos;,&apos;363.21&apos;) 
</system-out>
    <system-err>Fri Jul 13 17:01:25 EDT 2018 WARN: Establishing SSL connection without server&apos;s identity verification is not recommended. According to MySQL 5.5.45+, 5.6.26+ and 5.7.6+ requirements SSL connection must be established by default if explicit option isn&apos;t set. For compliance with existing applications not using SSL the verifyServerCertificate property is set to &apos;false&apos;. You need either to explicitly disable SSL by setting useSSL=false, or set useSSL=true and provide truststore for server certificate verification.
Fri Jul 13 17:01:26 EDT 2018 WARN: Establishing SSL connection without server&apos;s identity verification is not recommended. According to MySQL 5.5.45+, 5.6.26+ and 5.7.6+ requirements SSL connection must be established by default if explicit option isn&apos;t set. For compliance with existing applications not using SSL the verifyServerCertificate property is set to &apos;false&apos;. You need either to explicitly disable SSL by setting useSSL=false, or set useSSL=true and provide truststore for server certificate verification.
</system-err>
  </testcase>
  <testcase classname="com.origamisoftware.teach.advanced.services.DatabaseStockServiceTest" name="testGetQuote" time="0.475">
    <error message="SQL init script contained errors:Error executing: DROP TABLE IF IT EXISTS person CASCADE 
java.sql.SQLSyntaxErrorException: You have an error in your SQL syntax; check the manual that corresponds to your MySQL server version for the right syntax to use near &apos;IT EXISTS person CASCADE&apos; at line 1
Error executing: DROP TABLE IF IT EXISTS portfolio CASCADE 
java.sql.SQLSyntaxErrorException: You have an error in your SQL syntax; check the manual that corresponds to your MySQL server version for the right syntax to use near &apos;IT EXISTS portfolio CASCADE&apos; at line 1
Error executing: CREATE TABLE portfolio ( 	id INT NOT NULL AUTO_INCREMENT, 	person_id INT NOT NULL, 	quotes_id INT NOT NULL, 	FOREIGN KEY ( person_id ) REFERENCES person ( id ) 	FOREIGN KEY ( quotes_id ) REFERENCES quotes ( id ) 	PRIMARY KEY ( id ) ) 
java.sql.SQLSyntaxErrorException: You have an error in your SQL syntax; check the manual that corresponds to your MySQL server version for the right syntax to use near &apos;FOREIGN KEY ( quotes_id ) REFERENCES quotes ( id ) 	PRIMARY KEY ( id ) )&apos; at line 1
Error executing: INSERT INTO quotes (symbol,time,price) VALUES (&apos;GOOG&apos;,&apos;2004-08-19 00:00:01&apos;,&apos;85.00&apos;) 
java.sql.SQLSyntaxErrorException: Table &apos;stocks.quotes&apos; doesn&apos;t exist
Error executing: INSERT INTO quotes (symbol,time,price) VALUES (&apos;GOOG&apos;,&apos;2015-02-03 00:00:01&apos;,&apos;527.35&apos;) 
java.sql.SQLSyntaxErrorException: Table &apos;stocks.quotes&apos; doesn&apos;t exist
Error executing: INSERT INTO quotes (symbol,time,price) VALUES (&apos;APPL&apos;,&apos;2000-01-01 00:00:01&apos;,&apos;118.27&apos;) 
java.sql.SQLSyntaxErrorException: Table &apos;stocks.quotes&apos; doesn&apos;t exist
Error executing: INSERT INTO quotes (symbol,time,price) VALUES (&apos;AMZN&apos;,&apos;2015-02-03 00:00:01&apos;,&apos;363.21&apos;) 
java.sql.SQLSyntaxErrorException: Table &apos;stocks.quotes&apos; doesn&apos;t exist
" type="com.origamisoftware.teach.advanced.util.DatabaseInitializationException">com.origamisoftware.teach.advanced.util.DatabaseInitializationException: SQL init script contained errors:Error executing: DROP TABLE IF IT EXISTS person CASCADE 
java.sql.SQLSyntaxErrorException: You have an error in your SQL syntax; check the manual that corresponds to your MySQL server version for the right syntax to use near &apos;IT EXISTS person CASCADE&apos; at line 1
Error executing: DROP TABLE IF IT EXISTS portfolio CASCADE 
java.sql.SQLSyntaxErrorException: You have an error in your SQL syntax; check the manual that corresponds to your MySQL server version for the right syntax to use near &apos;IT EXISTS portfolio CASCADE&apos; at line 1
Error executing: CREATE TABLE portfolio ( 	id INT NOT NULL AUTO_INCREMENT, 	person_id INT NOT NULL, 	quotes_id INT NOT NULL, 	FOREIGN KEY ( person_id ) REFERENCES person ( id ) 	FOREIGN KEY ( quotes_id ) REFERENCES quotes ( id ) 	PRIMARY KEY ( id ) ) 
java.sql.SQLSyntaxErrorException: You have an error in your SQL syntax; check the manual that corresponds to your MySQL server version for the right syntax to use near &apos;FOREIGN KEY ( quotes_id ) REFERENCES quotes ( id ) 	PRIMARY KEY ( id ) )&apos; at line 1
Error executing: INSERT INTO quotes (symbol,time,price) VALUES (&apos;GOOG&apos;,&apos;2004-08-19 00:00:01&apos;,&apos;85.00&apos;) 
java.sql.SQLSyntaxErrorException: Table &apos;stocks.quotes&apos; doesn&apos;t exist
Error executing: INSERT INTO quotes (symbol,time,price) VALUES (&apos;GOOG&apos;,&apos;2015-02-03 00:00:01&apos;,&apos;527.35&apos;) 
java.sql.SQLSyntaxErrorException: Table &apos;stocks.quotes&apos; doesn&apos;t exist
Error executing: INSERT INTO quotes (symbol,time,price) VALUES (&apos;APPL&apos;,&apos;2000-01-01 00:00:01&apos;,&apos;118.27&apos;) 
java.sql.SQLSyntaxErrorException: Table &apos;stocks.quotes&apos; doesn&apos;t exist
Error executing: INSERT INTO quotes (symbol,time,price) VALUES (&apos;AMZN&apos;,&apos;2015-02-03 00:00:01&apos;,&apos;363.21&apos;) 
java.sql.SQLSyntaxErrorException: Table &apos;stocks.quotes&apos; doesn&apos;t exist

	at com.origamisoftware.teach.advanced.util.DatabaseUtils.initializeDatabase(DatabaseUtils.java:105)
	at com.origamisoftware.teach.advanced.services.DatabaseServiceTest.tearDown(DatabaseServiceTest.java:22)
	at sun.reflect.NativeMethodAccessorImpl.invoke0(Native Method)
	at sun.reflect.NativeMethodAccessorImpl.invoke(NativeMethodAccessorImpl.java:62)
	at sun.reflect.DelegatingMethodAccessorImpl.invoke(DelegatingMethodAccessorImpl.java:43)
	at java.lang.reflect.Method.invoke(Method.java:498)
	at org.junit.runners.model.FrameworkMethod$1.runReflectiveCall(FrameworkMethod.java:45)
	at org.junit.internal.runners.model.ReflectiveCallable.run(ReflectiveCallable.java:15)
	at org.junit.runners.model.FrameworkMethod.invokeExplosively(FrameworkMethod.java:42)
	at org.junit.internal.runners.statements.RunAfters.evaluate(RunAfters.java:36)
	at org.junit.runners.ParentRunner.runLeaf(ParentRunner.java:263)
	at org.junit.runners.BlockJUnit4ClassRunner.runChild(BlockJUnit4ClassRunner.java:68)
	at org.junit.runners.BlockJUnit4ClassRunner.runChild(BlockJUnit4ClassRunner.java:47)
	at org.junit.runners.ParentRunner$3.run(ParentRunner.java:231)
	at org.junit.runners.ParentRunner$1.schedule(ParentRunner.java:60)
	at org.junit.runners.ParentRunner.runChildren(ParentRunner.java:229)
	at org.junit.runners.ParentRunner.access$000(ParentRunner.java:50)
	at org.junit.runners.ParentRunner$2.evaluate(ParentRunner.java:222)
	at org.junit.runners.ParentRunner.run(ParentRunner.java:300)
	at org.apache.maven.surefire.junit4.JUnit4Provider.execute(JUnit4Provider.java:252)
	at org.apache.maven.surefire.junit4.JUnit4Provider.executeTestSet(JUnit4Provider.java:141)
	at org.apache.maven.surefire.junit4.JUnit4Provider.invoke(JUnit4Provider.java:112)
	at sun.reflect.NativeMethodAccessorImpl.invoke0(Native Method)
	at sun.reflect.NativeMethodAccessorImpl.invoke(NativeMethodAccessorImpl.java:62)
	at sun.reflect.DelegatingMethodAccessorImpl.invoke(DelegatingMethodAccessorImpl.java:43)
	at java.lang.reflect.Method.invoke(Method.java:498)
	at org.apache.maven.surefire.util.ReflectionUtils.invokeMethodWithArray(ReflectionUtils.java:189)
	at org.apache.maven.surefire.booter.ProviderFactory$ProviderProxy.invoke(ProviderFactory.java:165)
	at org.apache.maven.surefire.booter.ProviderFactory.invokeProvider(ProviderFactory.java:85)
	at org.apache.maven.surefire.booter.ForkedBooter.runSuitesInProcess(ForkedBooter.java:115)
	at org.apache.maven.surefire.booter.ForkedBooter.main(ForkedBooter.java:75)
</error>
  </testcase>
  <testcase classname="com.origamisoftware.teach.advanced.services.DatabaseStockServiceTest" name="testGetQuoteWithinRangeMinute" time="0.909">
    <error message="SQL init script contained errors:Error executing: DROP TABLE IF IT EXISTS person CASCADE 
java.sql.SQLSyntaxErrorException: You have an error in your SQL syntax; check the manual that corresponds to your MySQL server version for the right syntax to use near &apos;IT EXISTS person CASCADE&apos; at line 1
Error executing: DROP TABLE IF IT EXISTS portfolio CASCADE 
java.sql.SQLSyntaxErrorException: You have an error in your SQL syntax; check the manual that corresponds to your MySQL server version for the right syntax to use near &apos;IT EXISTS portfolio CASCADE&apos; at line 1
Error executing: CREATE TABLE portfolio ( 	id INT NOT NULL AUTO_INCREMENT, 	person_id INT NOT NULL, 	quotes_id INT NOT NULL, 	FOREIGN KEY ( person_id ) REFERENCES person ( id ) 	FOREIGN KEY ( quotes_id ) REFERENCES quotes ( id ) 	PRIMARY KEY ( id ) ) 
java.sql.SQLSyntaxErrorException: You have an error in your SQL syntax; check the manual that corresponds to your MySQL server version for the right syntax to use near &apos;FOREIGN KEY ( quotes_id ) REFERENCES quotes ( id ) 	PRIMARY KEY ( id ) )&apos; at line 1
Error executing: INSERT INTO quotes (symbol,time,price) VALUES (&apos;GOOG&apos;,&apos;2004-08-19 00:00:01&apos;,&apos;85.00&apos;) 
java.sql.SQLSyntaxErrorException: Table &apos;stocks.quotes&apos; doesn&apos;t exist
Error executing: INSERT INTO quotes (symbol,time,price) VALUES (&apos;GOOG&apos;,&apos;2015-02-03 00:00:01&apos;,&apos;527.35&apos;) 
java.sql.SQLSyntaxErrorException: Table &apos;stocks.quotes&apos; doesn&apos;t exist
Error executing: INSERT INTO quotes (symbol,time,price) VALUES (&apos;APPL&apos;,&apos;2000-01-01 00:00:01&apos;,&apos;118.27&apos;) 
java.sql.SQLSyntaxErrorException: Table &apos;stocks.quotes&apos; doesn&apos;t exist
Error executing: INSERT INTO quotes (symbol,time,price) VALUES (&apos;AMZN&apos;,&apos;2015-02-03 00:00:01&apos;,&apos;363.21&apos;) 
java.sql.SQLSyntaxErrorException: Table &apos;stocks.quotes&apos; doesn&apos;t exist
" type="com.origamisoftware.teach.advanced.util.DatabaseInitializationException">com.origamisoftware.teach.advanced.util.DatabaseInitializationException: SQL init script contained errors:Error executing: DROP TABLE IF IT EXISTS person CASCADE 
java.sql.SQLSyntaxErrorException: You have an error in your SQL syntax; check the manual that corresponds to your MySQL server version for the right syntax to use near &apos;IT EXISTS person CASCADE&apos; at line 1
Error executing: DROP TABLE IF IT EXISTS portfolio CASCADE 
java.sql.SQLSyntaxErrorException: You have an error in your SQL syntax; check the manual that corresponds to your MySQL server version for the right syntax to use near &apos;IT EXISTS portfolio CASCADE&apos; at line 1
Error executing: CREATE TABLE portfolio ( 	id INT NOT NULL AUTO_INCREMENT, 	person_id INT NOT NULL, 	quotes_id INT NOT NULL, 	FOREIGN KEY ( person_id ) REFERENCES person ( id ) 	FOREIGN KEY ( quotes_id ) REFERENCES quotes ( id ) 	PRIMARY KEY ( id ) ) 
java.sql.SQLSyntaxErrorException: You have an error in your SQL syntax; check the manual that corresponds to your MySQL server version for the right syntax to use near &apos;FOREIGN KEY ( quotes_id ) REFERENCES quotes ( id ) 	PRIMARY KEY ( id ) )&apos; at line 1
Error executing: INSERT INTO quotes (symbol,time,price) VALUES (&apos;GOOG&apos;,&apos;2004-08-19 00:00:01&apos;,&apos;85.00&apos;) 
java.sql.SQLSyntaxErrorException: Table &apos;stocks.quotes&apos; doesn&apos;t exist
Error executing: INSERT INTO quotes (symbol,time,price) VALUES (&apos;GOOG&apos;,&apos;2015-02-03 00:00:01&apos;,&apos;527.35&apos;) 
java.sql.SQLSyntaxErrorException: Table &apos;stocks.quotes&apos; doesn&apos;t exist
Error executing: INSERT INTO quotes (symbol,time,price) VALUES (&apos;APPL&apos;,&apos;2000-01-01 00:00:01&apos;,&apos;118.27&apos;) 
java.sql.SQLSyntaxErrorException: Table &apos;stocks.quotes&apos; doesn&apos;t exist
Error executing: INSERT INTO quotes (symbol,time,price) VALUES (&apos;AMZN&apos;,&apos;2015-02-03 00:00:01&apos;,&apos;363.21&apos;) 
java.sql.SQLSyntaxErrorException: Table &apos;stocks.quotes&apos; doesn&apos;t exist

	at com.origamisoftware.teach.advanced.util.DatabaseUtils.initializeDatabase(DatabaseUtils.java:105)
	at com.origamisoftware.teach.advanced.services.DatabaseServiceTest.setUp(DatabaseServiceTest.java:18)
	at com.origamisoftware.teach.advanced.services.DatabaseStockServiceTest.setUp(DatabaseStockServiceTest.java:31)
	at sun.reflect.NativeMethodAccessorImpl.invoke0(Native Method)
	at sun.reflect.NativeMethodAccessorImpl.invoke(NativeMethodAccessorImpl.java:62)
	at sun.reflect.DelegatingMethodAccessorImpl.invoke(DelegatingMethodAccessorImpl.java:43)
	at java.lang.reflect.Method.invoke(Method.java:498)
	at org.junit.runners.model.FrameworkMethod$1.runReflectiveCall(FrameworkMethod.java:45)
	at org.junit.internal.runners.model.ReflectiveCallable.run(ReflectiveCallable.java:15)
	at org.junit.runners.model.FrameworkMethod.invokeExplosively(FrameworkMethod.java:42)
	at org.junit.internal.runners.statements.RunBefores.evaluate(RunBefores.java:27)
	at org.junit.internal.runners.statements.RunAfters.evaluate(RunAfters.java:30)
	at org.junit.runners.ParentRunner.runLeaf(ParentRunner.java:263)
	at org.junit.runners.BlockJUnit4ClassRunner.runChild(BlockJUnit4ClassRunner.java:68)
	at org.junit.runners.BlockJUnit4ClassRunner.runChild(BlockJUnit4ClassRunner.java:47)
	at org.junit.runners.ParentRunner$3.run(ParentRunner.java:231)
	at org.junit.runners.ParentRunner$1.schedule(ParentRunner.java:60)
	at org.junit.runners.ParentRunner.runChildren(ParentRunner.java:229)
	at org.junit.runners.ParentRunner.access$000(ParentRunner.java:50)
	at org.junit.runners.ParentRunner$2.evaluate(ParentRunner.java:222)
	at org.junit.runners.ParentRunner.run(ParentRunner.java:300)
	at org.apache.maven.surefire.junit4.JUnit4Provider.execute(JUnit4Provider.java:252)
	at org.apache.maven.surefire.junit4.JUnit4Provider.executeTestSet(JUnit4Provider.java:141)
	at org.apache.maven.surefire.junit4.JUnit4Provider.invoke(JUnit4Provider.java:112)
	at sun.reflect.NativeMethodAccessorImpl.invoke0(Native Method)
	at sun.reflect.NativeMethodAccessorImpl.invoke(NativeMethodAccessorImpl.java:62)
	at sun.reflect.DelegatingMethodAccessorImpl.invoke(DelegatingMethodAccessorImpl.java:43)
	at java.lang.reflect.Method.invoke(Method.java:498)
	at org.apache.maven.surefire.util.ReflectionUtils.invokeMethodWithArray(ReflectionUtils.java:189)
	at org.apache.maven.surefire.booter.ProviderFactory$ProviderProxy.invoke(ProviderFactory.java:165)
	at org.apache.maven.surefire.booter.ProviderFactory.invokeProvider(ProviderFactory.java:85)
	at org.apache.maven.surefire.booter.ForkedBooter.runSuitesInProcess(ForkedBooter.java:115)
	at org.apache.maven.surefire.booter.ForkedBooter.main(ForkedBooter.java:75)
</error>
    <system-out>/** create the stocks database */ DROP DATABASE IF EXISTS stocks 
CREATE DATABASE stocks 
USE stocks 
DROP TABLE IF EXISTS quote CASCADE 
CREATE TABLE quote(    id INT NOT NULL AUTO_INCREMENT,    symbol VARCHAR(4) NOT NULL,    time DATETIME NOT NULL,    price DECIMAL NOT NULL,    PRIMARY KEY ( id ) ) 
DROP TABLE IF IT EXISTS person CASCADE 
CREATE TABLE person ( 	id INT NOT NULL AUTO_INCREMENT, 	last_name VARCHAR(256) NOT NULL, 	first_name VARCHAR(256) NOT NULL, 	PRIMARY KEY ( id ) ) 
DROP TABLE IF IT EXISTS portfolio CASCADE 
CREATE TABLE portfolio ( 	id INT NOT NULL AUTO_INCREMENT, 	person_id INT NOT NULL, 	quotes_id INT NOT NULL, 	FOREIGN KEY ( person_id ) REFERENCES person ( id ) 	FOREIGN KEY ( quotes_id ) REFERENCES quotes ( id ) 	PRIMARY KEY ( id ) ) 
INSERT INTO quotes (symbol,time,price) VALUES (&apos;GOOG&apos;,&apos;2004-08-19 00:00:01&apos;,&apos;85.00&apos;) 
INSERT INTO quotes (symbol,time,price) VALUES (&apos;GOOG&apos;,&apos;2015-02-03 00:00:01&apos;,&apos;527.35&apos;) 
INSERT INTO quotes (symbol,time,price) VALUES (&apos;APPL&apos;,&apos;2000-01-01 00:00:01&apos;,&apos;118.27&apos;) 
INSERT INTO quotes (symbol,time,price) VALUES (&apos;AMZN&apos;,&apos;2015-02-03 00:00:01&apos;,&apos;363.21&apos;) 
/** create the stocks database */ DROP DATABASE IF EXISTS stocks 
CREATE DATABASE stocks 
USE stocks 
DROP TABLE IF EXISTS quote CASCADE 
CREATE TABLE quote(    id INT NOT NULL AUTO_INCREMENT,    symbol VARCHAR(4) NOT NULL,    time DATETIME NOT NULL,    price DECIMAL NOT NULL,    PRIMARY KEY ( id ) ) 
DROP TABLE IF IT EXISTS person CASCADE 
CREATE TABLE person ( 	id INT NOT NULL AUTO_INCREMENT, 	last_name VARCHAR(256) NOT NULL, 	first_name VARCHAR(256) NOT NULL, 	PRIMARY KEY ( id ) ) 
DROP TABLE IF IT EXISTS portfolio CASCADE 
CREATE TABLE portfolio ( 	id INT NOT NULL AUTO_INCREMENT, 	person_id INT NOT NULL, 	quotes_id INT NOT NULL, 	FOREIGN KEY ( person_id ) REFERENCES person ( id ) 	FOREIGN KEY ( quotes_id ) REFERENCES quotes ( id ) 	PRIMARY KEY ( id ) ) 
INSERT INTO quotes (symbol,time,price) VALUES (&apos;GOOG&apos;,&apos;2004-08-19 00:00:01&apos;,&apos;85.00&apos;) 
INSERT INTO quotes (symbol,time,price) VALUES (&apos;GOOG&apos;,&apos;2015-02-03 00:00:01&apos;,&apos;527.35&apos;) 
INSERT INTO quotes (symbol,time,price) VALUES (&apos;APPL&apos;,&apos;2000-01-01 00:00:01&apos;,&apos;118.27&apos;) 
INSERT INTO quotes (symbol,time,price) VALUES (&apos;AMZN&apos;,&apos;2015-02-03 00:00:01&apos;,&apos;363.21&apos;) 
</system-out>
    <system-err>Fri Jul 13 17:01:26 EDT 2018 WARN: Establishing SSL connection without server&apos;s identity verification is not recommended. According to MySQL 5.5.45+, 5.6.26+ and 5.7.6+ requirements SSL connection must be established by default if explicit option isn&apos;t set. For compliance with existing applications not using SSL the verifyServerCertificate property is set to &apos;false&apos;. You need either to explicitly disable SSL by setting useSSL=false, or set useSSL=true and provide truststore for server certificate verification.
Fri Jul 13 17:01:27 EDT 2018 WARN: Establishing SSL connection without server&apos;s identity verification is not recommended. According to MySQL 5.5.45+, 5.6.26+ and 5.7.6+ requirements SSL connection must be established by default if explicit option isn&apos;t set. For compliance with existing applications not using SSL the verifyServerCertificate property is set to &apos;false&apos;. You need either to explicitly disable SSL by setting useSSL=false, or set useSSL=true and provide truststore for server certificate verification.
</system-err>
  </testcase>
  <testcase classname="com.origamisoftware.teach.advanced.services.DatabaseStockServiceTest" name="testGetQuoteWithinRangeMinute" time="0.91">
    <error message="SQL init script contained errors:Error executing: DROP TABLE IF IT EXISTS person CASCADE 
java.sql.SQLSyntaxErrorException: You have an error in your SQL syntax; check the manual that corresponds to your MySQL server version for the right syntax to use near &apos;IT EXISTS person CASCADE&apos; at line 1
Error executing: DROP TABLE IF IT EXISTS portfolio CASCADE 
java.sql.SQLSyntaxErrorException: You have an error in your SQL syntax; check the manual that corresponds to your MySQL server version for the right syntax to use near &apos;IT EXISTS portfolio CASCADE&apos; at line 1
Error executing: CREATE TABLE portfolio ( 	id INT NOT NULL AUTO_INCREMENT, 	person_id INT NOT NULL, 	quotes_id INT NOT NULL, 	FOREIGN KEY ( person_id ) REFERENCES person ( id ) 	FOREIGN KEY ( quotes_id ) REFERENCES quotes ( id ) 	PRIMARY KEY ( id ) ) 
java.sql.SQLSyntaxErrorException: You have an error in your SQL syntax; check the manual that corresponds to your MySQL server version for the right syntax to use near &apos;FOREIGN KEY ( quotes_id ) REFERENCES quotes ( id ) 	PRIMARY KEY ( id ) )&apos; at line 1
Error executing: INSERT INTO quotes (symbol,time,price) VALUES (&apos;GOOG&apos;,&apos;2004-08-19 00:00:01&apos;,&apos;85.00&apos;) 
java.sql.SQLSyntaxErrorException: Table &apos;stocks.quotes&apos; doesn&apos;t exist
Error executing: INSERT INTO quotes (symbol,time,price) VALUES (&apos;GOOG&apos;,&apos;2015-02-03 00:00:01&apos;,&apos;527.35&apos;) 
java.sql.SQLSyntaxErrorException: Table &apos;stocks.quotes&apos; doesn&apos;t exist
Error executing: INSERT INTO quotes (symbol,time,price) VALUES (&apos;APPL&apos;,&apos;2000-01-01 00:00:01&apos;,&apos;118.27&apos;) 
java.sql.SQLSyntaxErrorException: Table &apos;stocks.quotes&apos; doesn&apos;t exist
Error executing: INSERT INTO quotes (symbol,time,price) VALUES (&apos;AMZN&apos;,&apos;2015-02-03 00:00:01&apos;,&apos;363.21&apos;) 
java.sql.SQLSyntaxErrorException: Table &apos;stocks.quotes&apos; doesn&apos;t exist
" type="com.origamisoftware.teach.advanced.util.DatabaseInitializationException">com.origamisoftware.teach.advanced.util.DatabaseInitializationException: SQL init script contained errors:Error executing: DROP TABLE IF IT EXISTS person CASCADE 
java.sql.SQLSyntaxErrorException: You have an error in your SQL syntax; check the manual that corresponds to your MySQL server version for the right syntax to use near &apos;IT EXISTS person CASCADE&apos; at line 1
Error executing: DROP TABLE IF IT EXISTS portfolio CASCADE 
java.sql.SQLSyntaxErrorException: You have an error in your SQL syntax; check the manual that corresponds to your MySQL server version for the right syntax to use near &apos;IT EXISTS portfolio CASCADE&apos; at line 1
Error executing: CREATE TABLE portfolio ( 	id INT NOT NULL AUTO_INCREMENT, 	person_id INT NOT NULL, 	quotes_id INT NOT NULL, 	FOREIGN KEY ( person_id ) REFERENCES person ( id ) 	FOREIGN KEY ( quotes_id ) REFERENCES quotes ( id ) 	PRIMARY KEY ( id ) ) 
java.sql.SQLSyntaxErrorException: You have an error in your SQL syntax; check the manual that corresponds to your MySQL server version for the right syntax to use near &apos;FOREIGN KEY ( quotes_id ) REFERENCES quotes ( id ) 	PRIMARY KEY ( id ) )&apos; at line 1
Error executing: INSERT INTO quotes (symbol,time,price) VALUES (&apos;GOOG&apos;,&apos;2004-08-19 00:00:01&apos;,&apos;85.00&apos;) 
java.sql.SQLSyntaxErrorException: Table &apos;stocks.quotes&apos; doesn&apos;t exist
Error executing: INSERT INTO quotes (symbol,time,price) VALUES (&apos;GOOG&apos;,&apos;2015-02-03 00:00:01&apos;,&apos;527.35&apos;) 
java.sql.SQLSyntaxErrorException: Table &apos;stocks.quotes&apos; doesn&apos;t exist
Error executing: INSERT INTO quotes (symbol,time,price) VALUES (&apos;APPL&apos;,&apos;2000-01-01 00:00:01&apos;,&apos;118.27&apos;) 
java.sql.SQLSyntaxErrorException: Table &apos;stocks.quotes&apos; doesn&apos;t exist
Error executing: INSERT INTO quotes (symbol,time,price) VALUES (&apos;AMZN&apos;,&apos;2015-02-03 00:00:01&apos;,&apos;363.21&apos;) 
java.sql.SQLSyntaxErrorException: Table &apos;stocks.quotes&apos; doesn&apos;t exist

	at com.origamisoftware.teach.advanced.util.DatabaseUtils.initializeDatabase(DatabaseUtils.java:105)
	at com.origamisoftware.teach.advanced.services.DatabaseServiceTest.tearDown(DatabaseServiceTest.java:22)
	at sun.reflect.NativeMethodAccessorImpl.invoke0(Native Method)
	at sun.reflect.NativeMethodAccessorImpl.invoke(NativeMethodAccessorImpl.java:62)
	at sun.reflect.DelegatingMethodAccessorImpl.invoke(DelegatingMethodAccessorImpl.java:43)
	at java.lang.reflect.Method.invoke(Method.java:498)
	at org.junit.runners.model.FrameworkMethod$1.runReflectiveCall(FrameworkMethod.java:45)
	at org.junit.internal.runners.model.ReflectiveCallable.run(ReflectiveCallable.java:15)
	at org.junit.runners.model.FrameworkMethod.invokeExplosively(FrameworkMethod.java:42)
	at org.junit.internal.runners.statements.RunAfters.evaluate(RunAfters.java:36)
	at org.junit.runners.ParentRunner.runLeaf(ParentRunner.java:263)
	at org.junit.runners.BlockJUnit4ClassRunner.runChild(BlockJUnit4ClassRunner.java:68)
	at org.junit.runners.BlockJUnit4ClassRunner.runChild(BlockJUnit4ClassRunner.java:47)
	at org.junit.runners.ParentRunner$3.run(ParentRunner.java:231)
	at org.junit.runners.ParentRunner$1.schedule(ParentRunner.java:60)
	at org.junit.runners.ParentRunner.runChildren(ParentRunner.java:229)
	at org.junit.runners.ParentRunner.access$000(ParentRunner.java:50)
	at org.junit.runners.ParentRunner$2.evaluate(ParentRunner.java:222)
	at org.junit.runners.ParentRunner.run(ParentRunner.java:300)
	at org.apache.maven.surefire.junit4.JUnit4Provider.execute(JUnit4Provider.java:252)
	at org.apache.maven.surefire.junit4.JUnit4Provider.executeTestSet(JUnit4Provider.java:141)
	at org.apache.maven.surefire.junit4.JUnit4Provider.invoke(JUnit4Provider.java:112)
	at sun.reflect.NativeMethodAccessorImpl.invoke0(Native Method)
	at sun.reflect.NativeMethodAccessorImpl.invoke(NativeMethodAccessorImpl.java:62)
	at sun.reflect.DelegatingMethodAccessorImpl.invoke(DelegatingMethodAccessorImpl.java:43)
	at java.lang.reflect.Method.invoke(Method.java:498)
	at org.apache.maven.surefire.util.ReflectionUtils.invokeMethodWithArray(ReflectionUtils.java:189)
	at org.apache.maven.surefire.booter.ProviderFactory$ProviderProxy.invoke(ProviderFactory.java:165)
	at org.apache.maven.surefire.booter.ProviderFactory.invokeProvider(ProviderFactory.java:85)
	at org.apache.maven.surefire.booter.ForkedBooter.runSuitesInProcess(ForkedBooter.java:115)
	at org.apache.maven.surefire.booter.ForkedBooter.main(ForkedBooter.java:75)
</error>
  </testcase>
  <testcase classname="com.origamisoftware.teach.advanced.services.DatabaseStockServiceTest" name="testGetQuoteWithIntervalBasic" time="0.845">
    <error message="SQL init script contained errors:Error executing: DROP TABLE IF IT EXISTS person CASCADE 
java.sql.SQLSyntaxErrorException: You have an error in your SQL syntax; check the manual that corresponds to your MySQL server version for the right syntax to use near &apos;IT EXISTS person CASCADE&apos; at line 1
Error executing: DROP TABLE IF IT EXISTS portfolio CASCADE 
java.sql.SQLSyntaxErrorException: You have an error in your SQL syntax; check the manual that corresponds to your MySQL server version for the right syntax to use near &apos;IT EXISTS portfolio CASCADE&apos; at line 1
Error executing: CREATE TABLE portfolio ( 	id INT NOT NULL AUTO_INCREMENT, 	person_id INT NOT NULL, 	quotes_id INT NOT NULL, 	FOREIGN KEY ( person_id ) REFERENCES person ( id ) 	FOREIGN KEY ( quotes_id ) REFERENCES quotes ( id ) 	PRIMARY KEY ( id ) ) 
java.sql.SQLSyntaxErrorException: You have an error in your SQL syntax; check the manual that corresponds to your MySQL server version for the right syntax to use near &apos;FOREIGN KEY ( quotes_id ) REFERENCES quotes ( id ) 	PRIMARY KEY ( id ) )&apos; at line 1
Error executing: INSERT INTO quotes (symbol,time,price) VALUES (&apos;GOOG&apos;,&apos;2004-08-19 00:00:01&apos;,&apos;85.00&apos;) 
java.sql.SQLSyntaxErrorException: Table &apos;stocks.quotes&apos; doesn&apos;t exist
Error executing: INSERT INTO quotes (symbol,time,price) VALUES (&apos;GOOG&apos;,&apos;2015-02-03 00:00:01&apos;,&apos;527.35&apos;) 
java.sql.SQLSyntaxErrorException: Table &apos;stocks.quotes&apos; doesn&apos;t exist
Error executing: INSERT INTO quotes (symbol,time,price) VALUES (&apos;APPL&apos;,&apos;2000-01-01 00:00:01&apos;,&apos;118.27&apos;) 
java.sql.SQLSyntaxErrorException: Table &apos;stocks.quotes&apos; doesn&apos;t exist
Error executing: INSERT INTO quotes (symbol,time,price) VALUES (&apos;AMZN&apos;,&apos;2015-02-03 00:00:01&apos;,&apos;363.21&apos;) 
java.sql.SQLSyntaxErrorException: Table &apos;stocks.quotes&apos; doesn&apos;t exist
" type="com.origamisoftware.teach.advanced.util.DatabaseInitializationException">com.origamisoftware.teach.advanced.util.DatabaseInitializationException: SQL init script contained errors:Error executing: DROP TABLE IF IT EXISTS person CASCADE 
java.sql.SQLSyntaxErrorException: You have an error in your SQL syntax; check the manual that corresponds to your MySQL server version for the right syntax to use near &apos;IT EXISTS person CASCADE&apos; at line 1
Error executing: DROP TABLE IF IT EXISTS portfolio CASCADE 
java.sql.SQLSyntaxErrorException: You have an error in your SQL syntax; check the manual that corresponds to your MySQL server version for the right syntax to use near &apos;IT EXISTS portfolio CASCADE&apos; at line 1
Error executing: CREATE TABLE portfolio ( 	id INT NOT NULL AUTO_INCREMENT, 	person_id INT NOT NULL, 	quotes_id INT NOT NULL, 	FOREIGN KEY ( person_id ) REFERENCES person ( id ) 	FOREIGN KEY ( quotes_id ) REFERENCES quotes ( id ) 	PRIMARY KEY ( id ) ) 
java.sql.SQLSyntaxErrorException: You have an error in your SQL syntax; check the manual that corresponds to your MySQL server version for the right syntax to use near &apos;FOREIGN KEY ( quotes_id ) REFERENCES quotes ( id ) 	PRIMARY KEY ( id ) )&apos; at line 1
Error executing: INSERT INTO quotes (symbol,time,price) VALUES (&apos;GOOG&apos;,&apos;2004-08-19 00:00:01&apos;,&apos;85.00&apos;) 
java.sql.SQLSyntaxErrorException: Table &apos;stocks.quotes&apos; doesn&apos;t exist
Error executing: INSERT INTO quotes (symbol,time,price) VALUES (&apos;GOOG&apos;,&apos;2015-02-03 00:00:01&apos;,&apos;527.35&apos;) 
java.sql.SQLSyntaxErrorException: Table &apos;stocks.quotes&apos; doesn&apos;t exist
Error executing: INSERT INTO quotes (symbol,time,price) VALUES (&apos;APPL&apos;,&apos;2000-01-01 00:00:01&apos;,&apos;118.27&apos;) 
java.sql.SQLSyntaxErrorException: Table &apos;stocks.quotes&apos; doesn&apos;t exist
Error executing: INSERT INTO quotes (symbol,time,price) VALUES (&apos;AMZN&apos;,&apos;2015-02-03 00:00:01&apos;,&apos;363.21&apos;) 
java.sql.SQLSyntaxErrorException: Table &apos;stocks.quotes&apos; doesn&apos;t exist

	at com.origamisoftware.teach.advanced.util.DatabaseUtils.initializeDatabase(DatabaseUtils.java:105)
	at com.origamisoftware.teach.advanced.services.DatabaseServiceTest.setUp(DatabaseServiceTest.java:18)
	at com.origamisoftware.teach.advanced.services.DatabaseStockServiceTest.setUp(DatabaseStockServiceTest.java:31)
	at sun.reflect.NativeMethodAccessorImpl.invoke0(Native Method)
	at sun.reflect.NativeMethodAccessorImpl.invoke(NativeMethodAccessorImpl.java:62)
	at sun.reflect.DelegatingMethodAccessorImpl.invoke(DelegatingMethodAccessorImpl.java:43)
	at java.lang.reflect.Method.invoke(Method.java:498)
	at org.junit.runners.model.FrameworkMethod$1.runReflectiveCall(FrameworkMethod.java:45)
	at org.junit.internal.runners.model.ReflectiveCallable.run(ReflectiveCallable.java:15)
	at org.junit.runners.model.FrameworkMethod.invokeExplosively(FrameworkMethod.java:42)
	at org.junit.internal.runners.statements.RunBefores.evaluate(RunBefores.java:27)
	at org.junit.internal.runners.statements.RunAfters.evaluate(RunAfters.java:30)
	at org.junit.runners.ParentRunner.runLeaf(ParentRunner.java:263)
	at org.junit.runners.BlockJUnit4ClassRunner.runChild(BlockJUnit4ClassRunner.java:68)
	at org.junit.runners.BlockJUnit4ClassRunner.runChild(BlockJUnit4ClassRunner.java:47)
	at org.junit.runners.ParentRunner$3.run(ParentRunner.java:231)
	at org.junit.runners.ParentRunner$1.schedule(ParentRunner.java:60)
	at org.junit.runners.ParentRunner.runChildren(ParentRunner.java:229)
	at org.junit.runners.ParentRunner.access$000(ParentRunner.java:50)
	at org.junit.runners.ParentRunner$2.evaluate(ParentRunner.java:222)
	at org.junit.runners.ParentRunner.run(ParentRunner.java:300)
	at org.apache.maven.surefire.junit4.JUnit4Provider.execute(JUnit4Provider.java:252)
	at org.apache.maven.surefire.junit4.JUnit4Provider.executeTestSet(JUnit4Provider.java:141)
	at org.apache.maven.surefire.junit4.JUnit4Provider.invoke(JUnit4Provider.java:112)
	at sun.reflect.NativeMethodAccessorImpl.invoke0(Native Method)
	at sun.reflect.NativeMethodAccessorImpl.invoke(NativeMethodAccessorImpl.java:62)
	at sun.reflect.DelegatingMethodAccessorImpl.invoke(DelegatingMethodAccessorImpl.java:43)
	at java.lang.reflect.Method.invoke(Method.java:498)
	at org.apache.maven.surefire.util.ReflectionUtils.invokeMethodWithArray(ReflectionUtils.java:189)
	at org.apache.maven.surefire.booter.ProviderFactory$ProviderProxy.invoke(ProviderFactory.java:165)
	at org.apache.maven.surefire.booter.ProviderFactory.invokeProvider(ProviderFactory.java:85)
	at org.apache.maven.surefire.booter.ForkedBooter.runSuitesInProcess(ForkedBooter.java:115)
	at org.apache.maven.surefire.booter.ForkedBooter.main(ForkedBooter.java:75)
</error>
    <system-out>/** create the stocks database */ DROP DATABASE IF EXISTS stocks 
CREATE DATABASE stocks 
USE stocks 
DROP TABLE IF EXISTS quote CASCADE 
CREATE TABLE quote(    id INT NOT NULL AUTO_INCREMENT,    symbol VARCHAR(4) NOT NULL,    time DATETIME NOT NULL,    price DECIMAL NOT NULL,    PRIMARY KEY ( id ) ) 
DROP TABLE IF IT EXISTS person CASCADE 
CREATE TABLE person ( 	id INT NOT NULL AUTO_INCREMENT, 	last_name VARCHAR(256) NOT NULL, 	first_name VARCHAR(256) NOT NULL, 	PRIMARY KEY ( id ) ) 
DROP TABLE IF IT EXISTS portfolio CASCADE 
CREATE TABLE portfolio ( 	id INT NOT NULL AUTO_INCREMENT, 	person_id INT NOT NULL, 	quotes_id INT NOT NULL, 	FOREIGN KEY ( person_id ) REFERENCES person ( id ) 	FOREIGN KEY ( quotes_id ) REFERENCES quotes ( id ) 	PRIMARY KEY ( id ) ) 
INSERT INTO quotes (symbol,time,price) VALUES (&apos;GOOG&apos;,&apos;2004-08-19 00:00:01&apos;,&apos;85.00&apos;) 
INSERT INTO quotes (symbol,time,price) VALUES (&apos;GOOG&apos;,&apos;2015-02-03 00:00:01&apos;,&apos;527.35&apos;) 
INSERT INTO quotes (symbol,time,price) VALUES (&apos;APPL&apos;,&apos;2000-01-01 00:00:01&apos;,&apos;118.27&apos;) 
INSERT INTO quotes (symbol,time,price) VALUES (&apos;AMZN&apos;,&apos;2015-02-03 00:00:01&apos;,&apos;363.21&apos;) 
/** create the stocks database */ DROP DATABASE IF EXISTS stocks 
CREATE DATABASE stocks 
USE stocks 
DROP TABLE IF EXISTS quote CASCADE 
CREATE TABLE quote(    id INT NOT NULL AUTO_INCREMENT,    symbol VARCHAR(4) NOT NULL,    time DATETIME NOT NULL,    price DECIMAL NOT NULL,    PRIMARY KEY ( id ) ) 
DROP TABLE IF IT EXISTS person CASCADE 
CREATE TABLE person ( 	id INT NOT NULL AUTO_INCREMENT, 	last_name VARCHAR(256) NOT NULL, 	first_name VARCHAR(256) NOT NULL, 	PRIMARY KEY ( id ) ) 
DROP TABLE IF IT EXISTS portfolio CASCADE 
CREATE TABLE portfolio ( 	id INT NOT NULL AUTO_INCREMENT, 	person_id INT NOT NULL, 	quotes_id INT NOT NULL, 	FOREIGN KEY ( person_id ) REFERENCES person ( id ) 	FOREIGN KEY ( quotes_id ) REFERENCES quotes ( id ) 	PRIMARY KEY ( id ) ) 
INSERT INTO quotes (symbol,time,price) VALUES (&apos;GOOG&apos;,&apos;2004-08-19 00:00:01&apos;,&apos;85.00&apos;) 
INSERT INTO quotes (symbol,time,price) VALUES (&apos;GOOG&apos;,&apos;2015-02-03 00:00:01&apos;,&apos;527.35&apos;) 
INSERT INTO quotes (symbol,time,price) VALUES (&apos;APPL&apos;,&apos;2000-01-01 00:00:01&apos;,&apos;118.27&apos;) 
INSERT INTO quotes (symbol,time,price) VALUES (&apos;AMZN&apos;,&apos;2015-02-03 00:00:01&apos;,&apos;363.21&apos;) 
</system-out>
    <system-err>Fri Jul 13 17:01:27 EDT 2018 WARN: Establishing SSL connection without server&apos;s identity verification is not recommended. According to MySQL 5.5.45+, 5.6.26+ and 5.7.6+ requirements SSL connection must be established by default if explicit option isn&apos;t set. For compliance with existing applications not using SSL the verifyServerCertificate property is set to &apos;false&apos;. You need either to explicitly disable SSL by setting useSSL=false, or set useSSL=true and provide truststore for server certificate verification.
Fri Jul 13 17:01:28 EDT 2018 WARN: Establishing SSL connection without server&apos;s identity verification is not recommended. According to MySQL 5.5.45+, 5.6.26+ and 5.7.6+ requirements SSL connection must be established by default if explicit option isn&apos;t set. For compliance with existing applications not using SSL the verifyServerCertificate property is set to &apos;false&apos;. You need either to explicitly disable SSL by setting useSSL=false, or set useSSL=true and provide truststore for server certificate verification.
</system-err>
  </testcase>
  <testcase classname="com.origamisoftware.teach.advanced.services.DatabaseStockServiceTest" name="testGetQuoteWithIntervalBasic" time="0.845">
    <error message="SQL init script contained errors:Error executing: DROP TABLE IF IT EXISTS person CASCADE 
java.sql.SQLSyntaxErrorException: You have an error in your SQL syntax; check the manual that corresponds to your MySQL server version for the right syntax to use near &apos;IT EXISTS person CASCADE&apos; at line 1
Error executing: DROP TABLE IF IT EXISTS portfolio CASCADE 
java.sql.SQLSyntaxErrorException: You have an error in your SQL syntax; check the manual that corresponds to your MySQL server version for the right syntax to use near &apos;IT EXISTS portfolio CASCADE&apos; at line 1
Error executing: CREATE TABLE portfolio ( 	id INT NOT NULL AUTO_INCREMENT, 	person_id INT NOT NULL, 	quotes_id INT NOT NULL, 	FOREIGN KEY ( person_id ) REFERENCES person ( id ) 	FOREIGN KEY ( quotes_id ) REFERENCES quotes ( id ) 	PRIMARY KEY ( id ) ) 
java.sql.SQLSyntaxErrorException: You have an error in your SQL syntax; check the manual that corresponds to your MySQL server version for the right syntax to use near &apos;FOREIGN KEY ( quotes_id ) REFERENCES quotes ( id ) 	PRIMARY KEY ( id ) )&apos; at line 1
Error executing: INSERT INTO quotes (symbol,time,price) VALUES (&apos;GOOG&apos;,&apos;2004-08-19 00:00:01&apos;,&apos;85.00&apos;) 
java.sql.SQLSyntaxErrorException: Table &apos;stocks.quotes&apos; doesn&apos;t exist
Error executing: INSERT INTO quotes (symbol,time,price) VALUES (&apos;GOOG&apos;,&apos;2015-02-03 00:00:01&apos;,&apos;527.35&apos;) 
java.sql.SQLSyntaxErrorException: Table &apos;stocks.quotes&apos; doesn&apos;t exist
Error executing: INSERT INTO quotes (symbol,time,price) VALUES (&apos;APPL&apos;,&apos;2000-01-01 00:00:01&apos;,&apos;118.27&apos;) 
java.sql.SQLSyntaxErrorException: Table &apos;stocks.quotes&apos; doesn&apos;t exist
Error executing: INSERT INTO quotes (symbol,time,price) VALUES (&apos;AMZN&apos;,&apos;2015-02-03 00:00:01&apos;,&apos;363.21&apos;) 
java.sql.SQLSyntaxErrorException: Table &apos;stocks.quotes&apos; doesn&apos;t exist
" type="com.origamisoftware.teach.advanced.util.DatabaseInitializationException">com.origamisoftware.teach.advanced.util.DatabaseInitializationException: SQL init script contained errors:Error executing: DROP TABLE IF IT EXISTS person CASCADE 
java.sql.SQLSyntaxErrorException: You have an error in your SQL syntax; check the manual that corresponds to your MySQL server version for the right syntax to use near &apos;IT EXISTS person CASCADE&apos; at line 1
Error executing: DROP TABLE IF IT EXISTS portfolio CASCADE 
java.sql.SQLSyntaxErrorException: You have an error in your SQL syntax; check the manual that corresponds to your MySQL server version for the right syntax to use near &apos;IT EXISTS portfolio CASCADE&apos; at line 1
Error executing: CREATE TABLE portfolio ( 	id INT NOT NULL AUTO_INCREMENT, 	person_id INT NOT NULL, 	quotes_id INT NOT NULL, 	FOREIGN KEY ( person_id ) REFERENCES person ( id ) 	FOREIGN KEY ( quotes_id ) REFERENCES quotes ( id ) 	PRIMARY KEY ( id ) ) 
java.sql.SQLSyntaxErrorException: You have an error in your SQL syntax; check the manual that corresponds to your MySQL server version for the right syntax to use near &apos;FOREIGN KEY ( quotes_id ) REFERENCES quotes ( id ) 	PRIMARY KEY ( id ) )&apos; at line 1
Error executing: INSERT INTO quotes (symbol,time,price) VALUES (&apos;GOOG&apos;,&apos;2004-08-19 00:00:01&apos;,&apos;85.00&apos;) 
java.sql.SQLSyntaxErrorException: Table &apos;stocks.quotes&apos; doesn&apos;t exist
Error executing: INSERT INTO quotes (symbol,time,price) VALUES (&apos;GOOG&apos;,&apos;2015-02-03 00:00:01&apos;,&apos;527.35&apos;) 
java.sql.SQLSyntaxErrorException: Table &apos;stocks.quotes&apos; doesn&apos;t exist
Error executing: INSERT INTO quotes (symbol,time,price) VALUES (&apos;APPL&apos;,&apos;2000-01-01 00:00:01&apos;,&apos;118.27&apos;) 
java.sql.SQLSyntaxErrorException: Table &apos;stocks.quotes&apos; doesn&apos;t exist
Error executing: INSERT INTO quotes (symbol,time,price) VALUES (&apos;AMZN&apos;,&apos;2015-02-03 00:00:01&apos;,&apos;363.21&apos;) 
java.sql.SQLSyntaxErrorException: Table &apos;stocks.quotes&apos; doesn&apos;t exist

	at com.origamisoftware.teach.advanced.util.DatabaseUtils.initializeDatabase(DatabaseUtils.java:105)
	at com.origamisoftware.teach.advanced.services.DatabaseServiceTest.tearDown(DatabaseServiceTest.java:22)
	at sun.reflect.NativeMethodAccessorImpl.invoke0(Native Method)
	at sun.reflect.NativeMethodAccessorImpl.invoke(NativeMethodAccessorImpl.java:62)
	at sun.reflect.DelegatingMethodAccessorImpl.invoke(DelegatingMethodAccessorImpl.java:43)
	at java.lang.reflect.Method.invoke(Method.java:498)
	at org.junit.runners.model.FrameworkMethod$1.runReflectiveCall(FrameworkMethod.java:45)
	at org.junit.internal.runners.model.ReflectiveCallable.run(ReflectiveCallable.java:15)
	at org.junit.runners.model.FrameworkMethod.invokeExplosively(FrameworkMethod.java:42)
	at org.junit.internal.runners.statements.RunAfters.evaluate(RunAfters.java:36)
	at org.junit.runners.ParentRunner.runLeaf(ParentRunner.java:263)
	at org.junit.runners.BlockJUnit4ClassRunner.runChild(BlockJUnit4ClassRunner.java:68)
	at org.junit.runners.BlockJUnit4ClassRunner.runChild(BlockJUnit4ClassRunner.java:47)
	at org.junit.runners.ParentRunner$3.run(ParentRunner.java:231)
	at org.junit.runners.ParentRunner$1.schedule(ParentRunner.java:60)
	at org.junit.runners.ParentRunner.runChildren(ParentRunner.java:229)
	at org.junit.runners.ParentRunner.access$000(ParentRunner.java:50)
	at org.junit.runners.ParentRunner$2.evaluate(ParentRunner.java:222)
	at org.junit.runners.ParentRunner.run(ParentRunner.java:300)
	at org.apache.maven.surefire.junit4.JUnit4Provider.execute(JUnit4Provider.java:252)
	at org.apache.maven.surefire.junit4.JUnit4Provider.executeTestSet(JUnit4Provider.java:141)
	at org.apache.maven.surefire.junit4.JUnit4Provider.invoke(JUnit4Provider.java:112)
	at sun.reflect.NativeMethodAccessorImpl.invoke0(Native Method)
	at sun.reflect.NativeMethodAccessorImpl.invoke(NativeMethodAccessorImpl.java:62)
	at sun.reflect.DelegatingMethodAccessorImpl.invoke(DelegatingMethodAccessorImpl.java:43)
	at java.lang.reflect.Method.invoke(Method.java:498)
	at org.apache.maven.surefire.util.ReflectionUtils.invokeMethodWithArray(ReflectionUtils.java:189)
	at org.apache.maven.surefire.booter.ProviderFactory$ProviderProxy.invoke(ProviderFactory.java:165)
	at org.apache.maven.surefire.booter.ProviderFactory.invokeProvider(ProviderFactory.java:85)
	at org.apache.maven.surefire.booter.ForkedBooter.runSuitesInProcess(ForkedBooter.java:115)
	at org.apache.maven.surefire.booter.ForkedBooter.main(ForkedBooter.java:75)
</error>
  </testcase>
  <testcase classname="com.origamisoftware.teach.advanced.services.DatabaseStockServiceTest" name="testGetQuoteWithinRangeDay" time="0.77">
    <error message="SQL init script contained errors:Error executing: DROP TABLE IF IT EXISTS person CASCADE 
java.sql.SQLSyntaxErrorException: You have an error in your SQL syntax; check the manual that corresponds to your MySQL server version for the right syntax to use near &apos;IT EXISTS person CASCADE&apos; at line 1
Error executing: DROP TABLE IF IT EXISTS portfolio CASCADE 
java.sql.SQLSyntaxErrorException: You have an error in your SQL syntax; check the manual that corresponds to your MySQL server version for the right syntax to use near &apos;IT EXISTS portfolio CASCADE&apos; at line 1
Error executing: CREATE TABLE portfolio ( 	id INT NOT NULL AUTO_INCREMENT, 	person_id INT NOT NULL, 	quotes_id INT NOT NULL, 	FOREIGN KEY ( person_id ) REFERENCES person ( id ) 	FOREIGN KEY ( quotes_id ) REFERENCES quotes ( id ) 	PRIMARY KEY ( id ) ) 
java.sql.SQLSyntaxErrorException: You have an error in your SQL syntax; check the manual that corresponds to your MySQL server version for the right syntax to use near &apos;FOREIGN KEY ( quotes_id ) REFERENCES quotes ( id ) 	PRIMARY KEY ( id ) )&apos; at line 1
Error executing: INSERT INTO quotes (symbol,time,price) VALUES (&apos;GOOG&apos;,&apos;2004-08-19 00:00:01&apos;,&apos;85.00&apos;) 
java.sql.SQLSyntaxErrorException: Table &apos;stocks.quotes&apos; doesn&apos;t exist
Error executing: INSERT INTO quotes (symbol,time,price) VALUES (&apos;GOOG&apos;,&apos;2015-02-03 00:00:01&apos;,&apos;527.35&apos;) 
java.sql.SQLSyntaxErrorException: Table &apos;stocks.quotes&apos; doesn&apos;t exist
Error executing: INSERT INTO quotes (symbol,time,price) VALUES (&apos;APPL&apos;,&apos;2000-01-01 00:00:01&apos;,&apos;118.27&apos;) 
java.sql.SQLSyntaxErrorException: Table &apos;stocks.quotes&apos; doesn&apos;t exist
Error executing: INSERT INTO quotes (symbol,time,price) VALUES (&apos;AMZN&apos;,&apos;2015-02-03 00:00:01&apos;,&apos;363.21&apos;) 
java.sql.SQLSyntaxErrorException: Table &apos;stocks.quotes&apos; doesn&apos;t exist
" type="com.origamisoftware.teach.advanced.util.DatabaseInitializationException">com.origamisoftware.teach.advanced.util.DatabaseInitializationException: SQL init script contained errors:Error executing: DROP TABLE IF IT EXISTS person CASCADE 
java.sql.SQLSyntaxErrorException: You have an error in your SQL syntax; check the manual that corresponds to your MySQL server version for the right syntax to use near &apos;IT EXISTS person CASCADE&apos; at line 1
Error executing: DROP TABLE IF IT EXISTS portfolio CASCADE 
java.sql.SQLSyntaxErrorException: You have an error in your SQL syntax; check the manual that corresponds to your MySQL server version for the right syntax to use near &apos;IT EXISTS portfolio CASCADE&apos; at line 1
Error executing: CREATE TABLE portfolio ( 	id INT NOT NULL AUTO_INCREMENT, 	person_id INT NOT NULL, 	quotes_id INT NOT NULL, 	FOREIGN KEY ( person_id ) REFERENCES person ( id ) 	FOREIGN KEY ( quotes_id ) REFERENCES quotes ( id ) 	PRIMARY KEY ( id ) ) 
java.sql.SQLSyntaxErrorException: You have an error in your SQL syntax; check the manual that corresponds to your MySQL server version for the right syntax to use near &apos;FOREIGN KEY ( quotes_id ) REFERENCES quotes ( id ) 	PRIMARY KEY ( id ) )&apos; at line 1
Error executing: INSERT INTO quotes (symbol,time,price) VALUES (&apos;GOOG&apos;,&apos;2004-08-19 00:00:01&apos;,&apos;85.00&apos;) 
java.sql.SQLSyntaxErrorException: Table &apos;stocks.quotes&apos; doesn&apos;t exist
Error executing: INSERT INTO quotes (symbol,time,price) VALUES (&apos;GOOG&apos;,&apos;2015-02-03 00:00:01&apos;,&apos;527.35&apos;) 
java.sql.SQLSyntaxErrorException: Table &apos;stocks.quotes&apos; doesn&apos;t exist
Error executing: INSERT INTO quotes (symbol,time,price) VALUES (&apos;APPL&apos;,&apos;2000-01-01 00:00:01&apos;,&apos;118.27&apos;) 
java.sql.SQLSyntaxErrorException: Table &apos;stocks.quotes&apos; doesn&apos;t exist
Error executing: INSERT INTO quotes (symbol,time,price) VALUES (&apos;AMZN&apos;,&apos;2015-02-03 00:00:01&apos;,&apos;363.21&apos;) 
java.sql.SQLSyntaxErrorException: Table &apos;stocks.quotes&apos; doesn&apos;t exist

	at com.origamisoftware.teach.advanced.util.DatabaseUtils.initializeDatabase(DatabaseUtils.java:105)
	at com.origamisoftware.teach.advanced.services.DatabaseServiceTest.setUp(DatabaseServiceTest.java:18)
	at com.origamisoftware.teach.advanced.services.DatabaseStockServiceTest.setUp(DatabaseStockServiceTest.java:31)
	at sun.reflect.NativeMethodAccessorImpl.invoke0(Native Method)
	at sun.reflect.NativeMethodAccessorImpl.invoke(NativeMethodAccessorImpl.java:62)
	at sun.reflect.DelegatingMethodAccessorImpl.invoke(DelegatingMethodAccessorImpl.java:43)
	at java.lang.reflect.Method.invoke(Method.java:498)
	at org.junit.runners.model.FrameworkMethod$1.runReflectiveCall(FrameworkMethod.java:45)
	at org.junit.internal.runners.model.ReflectiveCallable.run(ReflectiveCallable.java:15)
	at org.junit.runners.model.FrameworkMethod.invokeExplosively(FrameworkMethod.java:42)
	at org.junit.internal.runners.statements.RunBefores.evaluate(RunBefores.java:27)
	at org.junit.internal.runners.statements.RunAfters.evaluate(RunAfters.java:30)
	at org.junit.runners.ParentRunner.runLeaf(ParentRunner.java:263)
	at org.junit.runners.BlockJUnit4ClassRunner.runChild(BlockJUnit4ClassRunner.java:68)
	at org.junit.runners.BlockJUnit4ClassRunner.runChild(BlockJUnit4ClassRunner.java:47)
	at org.junit.runners.ParentRunner$3.run(ParentRunner.java:231)
	at org.junit.runners.ParentRunner$1.schedule(ParentRunner.java:60)
	at org.junit.runners.ParentRunner.runChildren(ParentRunner.java:229)
	at org.junit.runners.ParentRunner.access$000(ParentRunner.java:50)
	at org.junit.runners.ParentRunner$2.evaluate(ParentRunner.java:222)
	at org.junit.runners.ParentRunner.run(ParentRunner.java:300)
	at org.apache.maven.surefire.junit4.JUnit4Provider.execute(JUnit4Provider.java:252)
	at org.apache.maven.surefire.junit4.JUnit4Provider.executeTestSet(JUnit4Provider.java:141)
	at org.apache.maven.surefire.junit4.JUnit4Provider.invoke(JUnit4Provider.java:112)
	at sun.reflect.NativeMethodAccessorImpl.invoke0(Native Method)
	at sun.reflect.NativeMethodAccessorImpl.invoke(NativeMethodAccessorImpl.java:62)
	at sun.reflect.DelegatingMethodAccessorImpl.invoke(DelegatingMethodAccessorImpl.java:43)
	at java.lang.reflect.Method.invoke(Method.java:498)
	at org.apache.maven.surefire.util.ReflectionUtils.invokeMethodWithArray(ReflectionUtils.java:189)
	at org.apache.maven.surefire.booter.ProviderFactory$ProviderProxy.invoke(ProviderFactory.java:165)
	at org.apache.maven.surefire.booter.ProviderFactory.invokeProvider(ProviderFactory.java:85)
	at org.apache.maven.surefire.booter.ForkedBooter.runSuitesInProcess(ForkedBooter.java:115)
	at org.apache.maven.surefire.booter.ForkedBooter.main(ForkedBooter.java:75)
</error>
    <system-out>/** create the stocks database */ DROP DATABASE IF EXISTS stocks 
CREATE DATABASE stocks 
USE stocks 
DROP TABLE IF EXISTS quote CASCADE 
CREATE TABLE quote(    id INT NOT NULL AUTO_INCREMENT,    symbol VARCHAR(4) NOT NULL,    time DATETIME NOT NULL,    price DECIMAL NOT NULL,    PRIMARY KEY ( id ) ) 
DROP TABLE IF IT EXISTS person CASCADE 
CREATE TABLE person ( 	id INT NOT NULL AUTO_INCREMENT, 	last_name VARCHAR(256) NOT NULL, 	first_name VARCHAR(256) NOT NULL, 	PRIMARY KEY ( id ) ) 
DROP TABLE IF IT EXISTS portfolio CASCADE 
CREATE TABLE portfolio ( 	id INT NOT NULL AUTO_INCREMENT, 	person_id INT NOT NULL, 	quotes_id INT NOT NULL, 	FOREIGN KEY ( person_id ) REFERENCES person ( id ) 	FOREIGN KEY ( quotes_id ) REFERENCES quotes ( id ) 	PRIMARY KEY ( id ) ) 
INSERT INTO quotes (symbol,time,price) VALUES (&apos;GOOG&apos;,&apos;2004-08-19 00:00:01&apos;,&apos;85.00&apos;) 
INSERT INTO quotes (symbol,time,price) VALUES (&apos;GOOG&apos;,&apos;2015-02-03 00:00:01&apos;,&apos;527.35&apos;) 
INSERT INTO quotes (symbol,time,price) VALUES (&apos;APPL&apos;,&apos;2000-01-01 00:00:01&apos;,&apos;118.27&apos;) 
INSERT INTO quotes (symbol,time,price) VALUES (&apos;AMZN&apos;,&apos;2015-02-03 00:00:01&apos;,&apos;363.21&apos;) 
/** create the stocks database */ DROP DATABASE IF EXISTS stocks 
CREATE DATABASE stocks 
USE stocks 
DROP TABLE IF EXISTS quote CASCADE 
CREATE TABLE quote(    id INT NOT NULL AUTO_INCREMENT,    symbol VARCHAR(4) NOT NULL,    time DATETIME NOT NULL,    price DECIMAL NOT NULL,    PRIMARY KEY ( id ) ) 
DROP TABLE IF IT EXISTS person CASCADE 
CREATE TABLE person ( 	id INT NOT NULL AUTO_INCREMENT, 	last_name VARCHAR(256) NOT NULL, 	first_name VARCHAR(256) NOT NULL, 	PRIMARY KEY ( id ) ) 
DROP TABLE IF IT EXISTS portfolio CASCADE 
CREATE TABLE portfolio ( 	id INT NOT NULL AUTO_INCREMENT, 	person_id INT NOT NULL, 	quotes_id INT NOT NULL, 	FOREIGN KEY ( person_id ) REFERENCES person ( id ) 	FOREIGN KEY ( quotes_id ) REFERENCES quotes ( id ) 	PRIMARY KEY ( id ) ) 
INSERT INTO quotes (symbol,time,price) VALUES (&apos;GOOG&apos;,&apos;2004-08-19 00:00:01&apos;,&apos;85.00&apos;) 
INSERT INTO quotes (symbol,time,price) VALUES (&apos;GOOG&apos;,&apos;2015-02-03 00:00:01&apos;,&apos;527.35&apos;) 
INSERT INTO quotes (symbol,time,price) VALUES (&apos;APPL&apos;,&apos;2000-01-01 00:00:01&apos;,&apos;118.27&apos;) 
INSERT INTO quotes (symbol,time,price) VALUES (&apos;AMZN&apos;,&apos;2015-02-03 00:00:01&apos;,&apos;363.21&apos;) 
</system-out>
    <system-err>Fri Jul 13 17:01:28 EDT 2018 WARN: Establishing SSL connection without server&apos;s identity verification is not recommended. According to MySQL 5.5.45+, 5.6.26+ and 5.7.6+ requirements SSL connection must be established by default if explicit option isn&apos;t set. For compliance with existing applications not using SSL the verifyServerCertificate property is set to &apos;false&apos;. You need either to explicitly disable SSL by setting useSSL=false, or set useSSL=true and provide truststore for server certificate verification.
Fri Jul 13 17:01:28 EDT 2018 WARN: Establishing SSL connection without server&apos;s identity verification is not recommended. According to MySQL 5.5.45+, 5.6.26+ and 5.7.6+ requirements SSL connection must be established by default if explicit option isn&apos;t set. For compliance with existing applications not using SSL the verifyServerCertificate property is set to &apos;false&apos;. You need either to explicitly disable SSL by setting useSSL=false, or set useSSL=true and provide truststore for server certificate verification.
</system-err>
  </testcase>
  <testcase classname="com.origamisoftware.teach.advanced.services.DatabaseStockServiceTest" name="testGetQuoteWithinRangeDay" time="0.771">
    <error message="SQL init script contained errors:Error executing: DROP TABLE IF IT EXISTS person CASCADE 
java.sql.SQLSyntaxErrorException: You have an error in your SQL syntax; check the manual that corresponds to your MySQL server version for the right syntax to use near &apos;IT EXISTS person CASCADE&apos; at line 1
Error executing: DROP TABLE IF IT EXISTS portfolio CASCADE 
java.sql.SQLSyntaxErrorException: You have an error in your SQL syntax; check the manual that corresponds to your MySQL server version for the right syntax to use near &apos;IT EXISTS portfolio CASCADE&apos; at line 1
Error executing: CREATE TABLE portfolio ( 	id INT NOT NULL AUTO_INCREMENT, 	person_id INT NOT NULL, 	quotes_id INT NOT NULL, 	FOREIGN KEY ( person_id ) REFERENCES person ( id ) 	FOREIGN KEY ( quotes_id ) REFERENCES quotes ( id ) 	PRIMARY KEY ( id ) ) 
java.sql.SQLSyntaxErrorException: You have an error in your SQL syntax; check the manual that corresponds to your MySQL server version for the right syntax to use near &apos;FOREIGN KEY ( quotes_id ) REFERENCES quotes ( id ) 	PRIMARY KEY ( id ) )&apos; at line 1
Error executing: INSERT INTO quotes (symbol,time,price) VALUES (&apos;GOOG&apos;,&apos;2004-08-19 00:00:01&apos;,&apos;85.00&apos;) 
java.sql.SQLSyntaxErrorException: Table &apos;stocks.quotes&apos; doesn&apos;t exist
Error executing: INSERT INTO quotes (symbol,time,price) VALUES (&apos;GOOG&apos;,&apos;2015-02-03 00:00:01&apos;,&apos;527.35&apos;) 
java.sql.SQLSyntaxErrorException: Table &apos;stocks.quotes&apos; doesn&apos;t exist
Error executing: INSERT INTO quotes (symbol,time,price) VALUES (&apos;APPL&apos;,&apos;2000-01-01 00:00:01&apos;,&apos;118.27&apos;) 
java.sql.SQLSyntaxErrorException: Table &apos;stocks.quotes&apos; doesn&apos;t exist
Error executing: INSERT INTO quotes (symbol,time,price) VALUES (&apos;AMZN&apos;,&apos;2015-02-03 00:00:01&apos;,&apos;363.21&apos;) 
java.sql.SQLSyntaxErrorException: Table &apos;stocks.quotes&apos; doesn&apos;t exist
" type="com.origamisoftware.teach.advanced.util.DatabaseInitializationException">com.origamisoftware.teach.advanced.util.DatabaseInitializationException: SQL init script contained errors:Error executing: DROP TABLE IF IT EXISTS person CASCADE 
java.sql.SQLSyntaxErrorException: You have an error in your SQL syntax; check the manual that corresponds to your MySQL server version for the right syntax to use near &apos;IT EXISTS person CASCADE&apos; at line 1
Error executing: DROP TABLE IF IT EXISTS portfolio CASCADE 
java.sql.SQLSyntaxErrorException: You have an error in your SQL syntax; check the manual that corresponds to your MySQL server version for the right syntax to use near &apos;IT EXISTS portfolio CASCADE&apos; at line 1
Error executing: CREATE TABLE portfolio ( 	id INT NOT NULL AUTO_INCREMENT, 	person_id INT NOT NULL, 	quotes_id INT NOT NULL, 	FOREIGN KEY ( person_id ) REFERENCES person ( id ) 	FOREIGN KEY ( quotes_id ) REFERENCES quotes ( id ) 	PRIMARY KEY ( id ) ) 
java.sql.SQLSyntaxErrorException: You have an error in your SQL syntax; check the manual that corresponds to your MySQL server version for the right syntax to use near &apos;FOREIGN KEY ( quotes_id ) REFERENCES quotes ( id ) 	PRIMARY KEY ( id ) )&apos; at line 1
Error executing: INSERT INTO quotes (symbol,time,price) VALUES (&apos;GOOG&apos;,&apos;2004-08-19 00:00:01&apos;,&apos;85.00&apos;) 
java.sql.SQLSyntaxErrorException: Table &apos;stocks.quotes&apos; doesn&apos;t exist
Error executing: INSERT INTO quotes (symbol,time,price) VALUES (&apos;GOOG&apos;,&apos;2015-02-03 00:00:01&apos;,&apos;527.35&apos;) 
java.sql.SQLSyntaxErrorException: Table &apos;stocks.quotes&apos; doesn&apos;t exist
Error executing: INSERT INTO quotes (symbol,time,price) VALUES (&apos;APPL&apos;,&apos;2000-01-01 00:00:01&apos;,&apos;118.27&apos;) 
java.sql.SQLSyntaxErrorException: Table &apos;stocks.quotes&apos; doesn&apos;t exist
Error executing: INSERT INTO quotes (symbol,time,price) VALUES (&apos;AMZN&apos;,&apos;2015-02-03 00:00:01&apos;,&apos;363.21&apos;) 
java.sql.SQLSyntaxErrorException: Table &apos;stocks.quotes&apos; doesn&apos;t exist

	at com.origamisoftware.teach.advanced.util.DatabaseUtils.initializeDatabase(DatabaseUtils.java:105)
	at com.origamisoftware.teach.advanced.services.DatabaseServiceTest.tearDown(DatabaseServiceTest.java:22)
	at sun.reflect.NativeMethodAccessorImpl.invoke0(Native Method)
	at sun.reflect.NativeMethodAccessorImpl.invoke(NativeMethodAccessorImpl.java:62)
	at sun.reflect.DelegatingMethodAccessorImpl.invoke(DelegatingMethodAccessorImpl.java:43)
	at java.lang.reflect.Method.invoke(Method.java:498)
	at org.junit.runners.model.FrameworkMethod$1.runReflectiveCall(FrameworkMethod.java:45)
	at org.junit.internal.runners.model.ReflectiveCallable.run(ReflectiveCallable.java:15)
	at org.junit.runners.model.FrameworkMethod.invokeExplosively(FrameworkMethod.java:42)
	at org.junit.internal.runners.statements.RunAfters.evaluate(RunAfters.java:36)
	at org.junit.runners.ParentRunner.runLeaf(ParentRunner.java:263)
	at org.junit.runners.BlockJUnit4ClassRunner.runChild(BlockJUnit4ClassRunner.java:68)
	at org.junit.runners.BlockJUnit4ClassRunner.runChild(BlockJUnit4ClassRunner.java:47)
	at org.junit.runners.ParentRunner$3.run(ParentRunner.java:231)
	at org.junit.runners.ParentRunner$1.schedule(ParentRunner.java:60)
	at org.junit.runners.ParentRunner.runChildren(ParentRunner.java:229)
	at org.junit.runners.ParentRunner.access$000(ParentRunner.java:50)
	at org.junit.runners.ParentRunner$2.evaluate(ParentRunner.java:222)
	at org.junit.runners.ParentRunner.run(ParentRunner.java:300)
	at org.apache.maven.surefire.junit4.JUnit4Provider.execute(JUnit4Provider.java:252)
	at org.apache.maven.surefire.junit4.JUnit4Provider.executeTestSet(JUnit4Provider.java:141)
	at org.apache.maven.surefire.junit4.JUnit4Provider.invoke(JUnit4Provider.java:112)
	at sun.reflect.NativeMethodAccessorImpl.invoke0(Native Method)
	at sun.reflect.NativeMethodAccessorImpl.invoke(NativeMethodAccessorImpl.java:62)
	at sun.reflect.DelegatingMethodAccessorImpl.invoke(DelegatingMethodAccessorImpl.java:43)
	at java.lang.reflect.Method.invoke(Method.java:498)
	at org.apache.maven.surefire.util.ReflectionUtils.invokeMethodWithArray(ReflectionUtils.java:189)
	at org.apache.maven.surefire.booter.ProviderFactory$ProviderProxy.invoke(ProviderFactory.java:165)
	at org.apache.maven.surefire.booter.ProviderFactory.invokeProvider(ProviderFactory.java:85)
	at org.apache.maven.surefire.booter.ForkedBooter.runSuitesInProcess(ForkedBooter.java:115)
	at org.apache.maven.surefire.booter.ForkedBooter.main(ForkedBooter.java:75)
</error>
  </testcase>
</testsuite>